#
# There is insufficient memory for the Java Runtime Environment to continue.
# Native memory allocation (mmap) failed to map 95420416 bytes for committing reserved memory.
# Possible reasons:
#   The system is out of physical RAM or swap space
#   In 32 bit mode, the process size limit was hit
# Possible solutions:
#   Reduce memory load on the system
#   Increase physical memory or swap space
#   Check if swap backing store is full
#   Use 64 bit Java on a 64 bit OS
#   Decrease Java heap size (-Xmx/-Xms)
#   Decrease number of Java threads
#   Decrease Java thread stack sizes (-Xss)
#   Set larger code cache with -XX:ReservedCodeCacheSize=
# This output file may be truncated or incomplete.
#
#  Out of Memory Error (os_linux.cpp:2627), pid=3653, tid=140482769811200
#
# JRE version: Java(TM) SE Runtime Environment (8.0_66-b17) (build 1.8.0_66-b17)
# Java VM: Java HotSpot(TM) 64-Bit Server VM (25.66-b17 mixed mode linux-amd64 compressed oops)
# Failed to write core dump. Core dumps have been disabled. To enable core dumping, try "ulimit -c unlimited" before starting Java again
#

---------------  T H R E A D  ---------------

Current thread (0x00007fc4c8078800):  VMThread [stack: 0x00007fc4b1877000,0x00007fc4b1978000] [id=3665]

Stack: [0x00007fc4b1877000,0x00007fc4b1978000],  sp=0x00007fc4b19762e0,  free space=1020k
Native frames: (J=compiled Java code, j=interpreted, Vv=VM code, C=native code)
V  [libjvm.so+0xab9a1a]  VMError::report_and_die()+0x2ba
V  [libjvm.so+0x4f9e0b]  report_vm_out_of_memory(char const*, int, unsigned long, VMErrorType, char const*)+0x8b
V  [libjvm.so+0x91a8a3]  os::Linux::commit_memory_impl(char*, unsigned long, bool)+0x103
V  [libjvm.so+0x91adf9]  os::pd_commit_memory(char*, unsigned long, unsigned long, bool)+0x29
V  [libjvm.so+0x91510a]  os::commit_memory(char*, unsigned long, unsigned long, bool)+0x2a
V  [libjvm.so+0x9887a3]  PSVirtualSpace::expand_by(unsigned long)+0x53
V  [libjvm.so+0x979090]  PSOldGen::expand(unsigned long)+0x170
V  [libjvm.so+0x97929b]  PSOldGen::resize(unsigned long)+0x1cb
V  [libjvm.so+0x980f71]  PSParallelCompact::invoke_no_policy(bool)+0x991
V  [libjvm.so+0x9868cd]  PSScavenge::invoke()+0x1ad
V  [libjvm.so+0x93e500]  ParallelScavengeHeap::failed_mem_allocate(unsigned long)+0x70
V  [libjvm.so+0xabb437]  VM_ParallelGCFailedAllocation::doit()+0x97
V  [libjvm.so+0xac2e65]  VM_Operation::evaluate()+0x55
V  [libjvm.so+0xac123a]  VMThread::evaluate_operation(VM_Operation*)+0xba
V  [libjvm.so+0xac15be]  VMThread::loop()+0x1ce
V  [libjvm.so+0xac1a30]  VMThread::run()+0x70
V  [libjvm.so+0x91cc68]  java_start(Thread*)+0x108

VM_Operation (0x00007fc4cff46cb0): ParallelGCFailedAllocation, mode: safepoint, requested by thread 0x00007fc4c800b000


---------------  P R O C E S S  ---------------

Java Threads: ( => current thread )
  0x00007fc4c81db000 JavaThread "ReaderThread" [_thread_in_native, id=3674, stack(0x00007fc4b0675000,0x00007fc4b0776000)]
  0x00007fc4c80c0800 JavaThread "Service Thread" daemon [_thread_blocked, id=3672, stack(0x00007fc4b0a8e000,0x00007fc4b0b8f000)]
  0x00007fc4c80bb800 JavaThread "C1 CompilerThread2" daemon [_thread_blocked, id=3671, stack(0x00007fc4b0b8f000,0x00007fc4b0c90000)]
  0x00007fc4c80ba000 JavaThread "C2 CompilerThread1" daemon [_thread_blocked, id=3670, stack(0x00007fc4b0c90000,0x00007fc4b0d91000)]
  0x00007fc4c80b7000 JavaThread "C2 CompilerThread0" daemon [_thread_blocked, id=3669, stack(0x00007fc4b0d91000,0x00007fc4b0e92000)]
  0x00007fc4c80b5800 JavaThread "Signal Dispatcher" daemon [_thread_blocked, id=3668, stack(0x00007fc4b0e92000,0x00007fc4b0f93000)]
  0x00007fc4c807f800 JavaThread "Finalizer" daemon [_thread_blocked, id=3667, stack(0x00007fc4b1675000,0x00007fc4b1776000)]
  0x00007fc4c807d800 JavaThread "Reference Handler" daemon [_thread_blocked, id=3666, stack(0x00007fc4b1776000,0x00007fc4b1877000)]
  0x00007fc4c800b000 JavaThread "main" [_thread_blocked, id=3660, stack(0x00007fc4cfe49000,0x00007fc4cff4a000)]

Other Threads:
=>0x00007fc4c8078800 VMThread [stack: 0x00007fc4b1877000,0x00007fc4b1978000] [id=3665]
  0x00007fc4c80c3800 WatcherThread [stack: 0x00007fc4b098d000,0x00007fc4b0a8e000] [id=3673]

VM state:at safepoint (normal execution)

VM Mutex/Monitor currently owned by a thread:  ([mutex/lock_event])
[0x00007fc4c80069d0] ExpandHeap_lock - owner thread: 0x00007fc4c8078800
[0x00007fc4c8007050] Threads_lock - owner thread: 0x00007fc4c8078800
[0x00007fc4c8007550] Heap_lock - owner thread: 0x00007fc4c800b000

Heap:
 PSYoungGen      total 216064K, used 19859K [0x00000000ebb00000, 0x00000000ffb80000, 0x0000000100000000)
  eden space 107008K, 0% used [0x00000000ebb00000,0x00000000ebb00000,0x00000000f2380000)
  from space 109056K, 18% used [0x00000000f9100000,0x00000000fa464f90,0x00000000ffb80000)
  to   space 110592K, 0% used [0x00000000f2380000,0x00000000f2380000,0x00000000f8f80000)
 ParOldGen       total 191488K, used 191234K [0x00000000c3000000, 0x00000000ceb00000, 0x00000000ebb00000)
  object space 191488K, 99% used [0x00000000c3000000,0x00000000ceac0bf0,0x00000000ceb00000)
 Metaspace       used 17855K, capacity 18054K, committed 18304K, reserved 1064960K
  class space    used 2044K, capacity 2093K, committed 2176K, reserved 1048576K

Card table byte_map: [0x00007fc4cca2e000,0x00007fc4ccc17000] byte_map_base: 0x00007fc4cc416000

Marking Bits: (ParMarkBitMap*) 0x00007fc4cf326020
 Begin Bits: [0x00007fc4b2180000, 0x00007fc4b30c0000)
 End Bits:   [0x00007fc4b30c0000, 0x00007fc4b4000000)

Polling page: 0x00007fc4cff6d000

CodeCache: size=245760Kb used=7874Kb max_used=9471Kb free=237885Kb
 bounds [0x00007fc4b9000000, 0x00007fc4b99e0000, 0x00007fc4c8000000]
 total_blobs=2400 nmethods=1970 adapters=343
 compilation: enabled

Compilation events (10 events):
Event: 72,678 Thread 0x00007fc4c80ba000 2555       4       org.hibernate.type.ManyToOneType::scheduleBatchLoadIfNeeded (77 bytes)
Event: 72,716 Thread 0x00007fc4c80ba000 nmethod 2555 0x00007fc4b972d5d0 code [0x00007fc4b972d820, 0x00007fc4b972e7d8]
Event: 72,918 Thread 0x00007fc4c80b7000 2556       4       org.hibernate.impl.SessionImpl::getEntityUsingInterceptor (51 bytes)
Event: 72,931 Thread 0x00007fc4c80b7000 nmethod 2556 0x00007fc4b93f9610 code [0x00007fc4b93f97c0, 0x00007fc4b93f9d38]
Event: 72,978 Thread 0x00007fc4c80ba000 2557       4       org.hibernate.type.ComponentType::isEqual (83 bytes)
Event: 73,023 Thread 0x00007fc4c80ba000 nmethod 2557 0x00007fc4b959a910 code [0x00007fc4b959ac00, 0x00007fc4b959c3e0]
Event: 73,034 Thread 0x00007fc4c80b7000 2558       4       org.hibernate.engine.StatefulPersistenceContext::getEntity (11 bytes)
Event: 73,041 Thread 0x00007fc4c80b7000 nmethod 2558 0x00007fc4b91735d0 code [0x00007fc4b9173760, 0x00007fc4b9173bd8]
Event: 125,709 Thread 0x00007fc4c80ba000 2559       4       org.hibernate.collection.PersistentSet::getSnapshot (89 bytes)
Event: 125,773 Thread 0x00007fc4c80ba000 nmethod 2559 0x00007fc4b93c1590 code [0x00007fc4b93c17c0, 0x00007fc4b93c25a8]

GC Heap History (10 events):
Event: 78,573 GC heap after
Heap after GC invocations=25 (full 2):
 PSYoungGen      total 199168K, used 83819K [0x00000000ebb00000, 0x00000000ff480000, 0x0000000100000000)
  eden space 88576K, 0% used [0x00000000ebb00000,0x00000000ebb00000,0x00000000f1180000)
  from space 110592K, 75% used [0x00000000f1180000,0x00000000f635ae88,0x00000000f7d80000)
  to   space 110592K, 0% used [0x00000000f8880000,0x00000000f8880000,0x00000000ff480000)
 ParOldGen       total 125440K, used 102449K [0x00000000c3000000, 0x00000000caa80000, 0x00000000ebb00000)
  object space 125440K, 81% used [0x00000000c3000000,0x00000000c940c780,0x00000000caa80000)
 Metaspace       used 17855K, capacity 18054K, committed 18304K, reserved 1064960K
  class space    used 2044K, capacity 2093K, committed 2176K, reserved 1048576K
}
Event: 84,906 GC heap before
{Heap before GC invocations=26 (full 2):
 PSYoungGen      total 199168K, used 172395K [0x00000000ebb00000, 0x00000000ff480000, 0x0000000100000000)
  eden space 88576K, 100% used [0x00000000ebb00000,0x00000000f1180000,0x00000000f1180000)
  from space 110592K, 75% used [0x00000000f1180000,0x00000000f635ae88,0x00000000f7d80000)
  to   space 110592K, 0% used [0x00000000f8880000,0x00000000f8880000,0x00000000ff480000)
 ParOldGen       total 125440K, used 102449K [0x00000000c3000000, 0x00000000caa80000, 0x00000000ebb00000)
  object space 125440K, 81% used [0x00000000c3000000,0x00000000c940c780,0x00000000caa80000)
 Metaspace       used 17855K, capacity 18054K, committed 18304K, reserved 1064960K
  class space    used 2044K, capacity 2093K, committed 2176K, reserved 1048576K
Event: 85,086 GC heap after
Heap after GC invocations=26 (full 2):
 PSYoungGen      total 209408K, used 83947K [0x00000000ebb00000, 0x00000000ff400000, 0x0000000100000000)
  eden space 99328K, 0% used [0x00000000ebb00000,0x00000000ebb00000,0x00000000f1c00000)
  from space 110080K, 76% used [0x00000000f8880000,0x00000000fda7ae88,0x00000000ff400000)
  to   space 110592K, 0% used [0x00000000f1c00000,0x00000000f1c00000,0x00000000f8800000)
 ParOldGen       total 125440K, used 110321K [0x00000000c3000000, 0x00000000caa80000, 0x00000000ebb00000)
  object space 125440K, 87% used [0x00000000c3000000,0x00000000c9bbc780,0x00000000caa80000)
 Metaspace       used 17855K, capacity 18054K, committed 18304K, reserved 1064960K
  class space    used 2044K, capacity 2093K, committed 2176K, reserved 1048576K
}
Event: 85,086 GC heap before
{Heap before GC invocations=27 (full 3):
 PSYoungGen      total 209408K, used 83947K [0x00000000ebb00000, 0x00000000ff400000, 0x0000000100000000)
  eden space 99328K, 0% used [0x00000000ebb00000,0x00000000ebb00000,0x00000000f1c00000)
  from space 110080K, 76% used [0x00000000f8880000,0x00000000fda7ae88,0x00000000ff400000)
  to   space 110592K, 0% used [0x00000000f1c00000,0x00000000f1c00000,0x00000000f8800000)
 ParOldGen       total 125440K, used 110321K [0x00000000c3000000, 0x00000000caa80000, 0x00000000ebb00000)
  object space 125440K, 87% used [0x00000000c3000000,0x00000000c9bbc780,0x00000000caa80000)
 Metaspace       used 17855K, capacity 18054K, committed 18304K, reserved 1064960K
  class space    used 2044K, capacity 2093K, committed 2176K, reserved 1048576K
Event: 86,173 GC heap after
Heap after GC invocations=27 (full 3):
 PSYoungGen      total 209408K, used 66934K [0x00000000ebb00000, 0x00000000ff400000, 0x0000000100000000)
  eden space 99328K, 0% used [0x00000000ebb00000,0x00000000ebb00000,0x00000000f1c00000)
  from space 110080K, 60% used [0x00000000f8880000,0x00000000fc9ddba8,0x00000000ff400000)
  to   space 110592K, 0% used [0x00000000f1c00000,0x00000000f1c00000,0x00000000f8800000)
 ParOldGen       total 191488K, used 125232K [0x00000000c3000000, 0x00000000ceb00000, 0x00000000ebb00000)
  object space 191488K, 65% used [0x00000000c3000000,0x00000000caa4c260,0x00000000ceb00000)
 Metaspace       used 17855K, capacity 18054K, committed 18304K, reserved 1064960K
  class space    used 2044K, capacity 2093K, committed 2176K, reserved 1048576K
}
Event: 126,562 GC heap before
{Heap before GC invocations=28 (full 3):
 PSYoungGen      total 209408K, used 166262K [0x00000000ebb00000, 0x00000000ff400000, 0x0000000100000000)
  eden space 99328K, 100% used [0x00000000ebb00000,0x00000000f1c00000,0x00000000f1c00000)
  from space 110080K, 60% used [0x00000000f8880000,0x00000000fc9ddba8,0x00000000ff400000)
  to   space 110592K, 0% used [0x00000000f1c00000,0x00000000f1c00000,0x00000000f8800000)
 ParOldGen       total 191488K, used 125232K [0x00000000c3000000, 0x00000000ceb00000, 0x00000000ebb00000)
  object space 191488K, 65% used [0x00000000c3000000,0x00000000caa4c260,0x00000000ceb00000)
 Metaspace       used 17855K, capacity 18054K, committed 18304K, reserved 1064960K
  class space    used 2044K, capacity 2093K, committed 2176K, reserved 1048576K
Event: 126,756 GC heap after
Heap after GC invocations=28 (full 3):
 PSYoungGen      total 209920K, used 51712K [0x00000000ebb00000, 0x00000000ffd00000, 0x0000000100000000)
  eden space 99328K, 0% used [0x00000000ebb00000,0x00000000ebb00000,0x00000000f1c00000)
  from space 110592K, 46% used [0x00000000f1c00000,0x00000000f4e80040,0x00000000f8800000)
  to   space 110592K, 0% used [0x00000000f9100000,0x00000000f9100000,0x00000000ffd00000)
 ParOldGen       total 191488K, used 154420K [0x00000000c3000000, 0x00000000ceb00000, 0x00000000ebb00000)
  object space 191488K, 80% used [0x00000000c3000000,0x00000000cc6cd0c8,0x00000000ceb00000)
 Metaspace       used 17855K, capacity 18054K, committed 18304K, reserved 1064960K
  class space    used 2044K, capacity 2093K, committed 2176K, reserved 1048576K
}
Event: 203,481 GC heap before
{Heap before GC invocations=29 (full 3):
 PSYoungGen      total 209920K, used 151040K [0x00000000ebb00000, 0x00000000ffd00000, 0x0000000100000000)
  eden space 99328K, 100% used [0x00000000ebb00000,0x00000000f1c00000,0x00000000f1c00000)
  from space 110592K, 46% used [0x00000000f1c00000,0x00000000f4e80040,0x00000000f8800000)
  to   space 110592K, 0% used [0x00000000f9100000,0x00000000f9100000,0x00000000ffd00000)
 ParOldGen       total 191488K, used 154420K [0x00000000c3000000, 0x00000000ceb00000, 0x00000000ebb00000)
  object space 191488K, 80% used [0x00000000c3000000,0x00000000cc6cd0c8,0x00000000ceb00000)
 Metaspace       used 17855K, capacity 18054K, committed 18304K, reserved 1064960K
  class space    used 2044K, capacity 2093K, committed 2176K, reserved 1048576K
Event: 203,629 GC heap after
Heap after GC invocations=29 (full 3):
 PSYoungGen      total 216064K, used 44512K [0x00000000ebb00000, 0x00000000ffb80000, 0x0000000100000000)
  eden space 107008K, 0% used [0x00000000ebb00000,0x00000000ebb00000,0x00000000f2380000)
  from space 109056K, 40% used [0x00000000f9100000,0x00000000fbc78040,0x00000000ffb80000)
  to   space 110592K, 0% used [0x00000000f2380000,0x00000000f2380000,0x00000000f8f80000)
 ParOldGen       total 191488K, used 166868K [0x00000000c3000000, 0x00000000ceb00000, 0x00000000ebb00000)
  object space 191488K, 87% used [0x00000000c3000000,0x00000000cd2f50c8,0x00000000ceb00000)
 Metaspace       used 17855K, capacity 18054K, committed 18304K, reserved 1064960K
  class space    used 2044K, capacity 2093K, committed 2176K, reserved 1048576K
}
Event: 203,629 GC heap before
{Heap before GC invocations=30 (full 4):
 PSYoungGen      total 216064K, used 44512K [0x00000000ebb00000, 0x00000000ffb80000, 0x0000000100000000)
  eden space 107008K, 0% used [0x00000000ebb00000,0x00000000ebb00000,0x00000000f2380000)
  from space 109056K, 40% used [0x00000000f9100000,0x00000000fbc78040,0x00000000ffb80000)
  to   space 110592K, 0% used [0x00000000f2380000,0x00000000f2380000,0x00000000f8f80000)
 ParOldGen       total 191488K, used 166868K [0x00000000c3000000, 0x00000000ceb00000, 0x00000000ebb00000)
  object space 191488K, 87% used [0x00000000c3000000,0x00000000cd2f50c8,0x00000000ceb00000)
 Metaspace       used 17855K, capacity 18054K, committed 18304K, reserved 1064960K
  class space    used 2044K, capacity 2093K, committed 2176K, reserved 1048576K

Deoptimization events (10 events):
Event: 72,129 Thread 0x00007fc4c800b000 Uncommon trap: reason=unstable_if action=reinterpret pc=0x00007fc4b966f330 method=org.hibernate.engine.EntityKey.equals(Ljava/lang/Object;)Z @ 44
Event: 122,744 Thread 0x00007fc4c800b000 Uncommon trap: reason=class_check action=maybe_recompile pc=0x00007fc4b999eb68 method=org.hibernate.loader.Loader.loadCollection(Lorg/hibernate/engine/SessionImplementor;Ljava/io/Serializable;Lorg/hibernate/type/Type;)V @ 59
Event: 122,744 Thread 0x00007fc4c800b000 Uncommon trap: reason=class_check action=maybe_recompile pc=0x00007fc4b99893e0 method=org.hibernate.loader.Loader.bindPositionalParameters(Ljava/sql/PreparedStatement;Lorg/hibernate/engine/QueryParameters;ILorg/hibernate/engine/SessionImplementor;)I @ 43
Event: 122,744 Thread 0x00007fc4c800b000 Uncommon trap: reason=class_check action=maybe_recompile pc=0x00007fc4b92f641c method=org.hibernate.type.AbstractStandardBasicType.nullSafeSet(Ljava/sql/PreparedStatement;Ljava/lang/Object;ILorg/hibernate/type/descriptor/WrapperOptions;)V @ 8
Event: 122,744 Thread 0x00007fc4c800b000 Uncommon trap: reason=class_check action=maybe_recompile pc=0x00007fc4b913a2f8 method=org.hibernate.type.descriptor.sql.BasicBinder.bind(Ljava/sql/PreparedStatement;Ljava/lang/Object;ILorg/hibernate/type/descriptor/WrapperOptions;)V @ 142
Event: 123,152 Thread 0x00007fc4c800b000 Uncommon trap: reason=class_check action=maybe_recompile pc=0x00007fc4b999eb68 method=org.hibernate.loader.Loader.loadCollection(Lorg/hibernate/engine/SessionImplementor;Ljava/io/Serializable;Lorg/hibernate/type/Type;)V @ 59
Event: 123,153 Thread 0x00007fc4c800b000 Uncommon trap: reason=class_check action=maybe_recompile pc=0x00007fc4b99893e0 method=org.hibernate.loader.Loader.bindPositionalParameters(Ljava/sql/PreparedStatement;Lorg/hibernate/engine/QueryParameters;ILorg/hibernate/engine/SessionImplementor;)I @ 43
Event: 123,153 Thread 0x00007fc4c800b000 Uncommon trap: reason=class_check action=maybe_recompile pc=0x00007fc4b92f641c method=org.hibernate.type.AbstractStandardBasicType.nullSafeSet(Ljava/sql/PreparedStatement;Ljava/lang/Object;ILorg/hibernate/type/descriptor/WrapperOptions;)V @ 8
Event: 123,153 Thread 0x00007fc4c800b000 Uncommon trap: reason=class_check action=maybe_recompile pc=0x00007fc4b913a2f8 method=org.hibernate.type.descriptor.sql.BasicBinder.bind(Ljava/sql/PreparedStatement;Ljava/lang/Object;ILorg/hibernate/type/descriptor/WrapperOptions;)V @ 142
Event: 125,694 Thread 0x00007fc4c800b000 Uncommon trap: reason=class_check action=maybe_recompile pc=0x00007fc4b9163bfc method=org.hibernate.collection.PersistentSet.getSnapshot(Lorg/hibernate/persister/collection/CollectionPersister;)Ljava/io/Serializable; @ 68

Internal exceptions (10 events):
Event: 3,691 Thread 0x00007fc4c800b000 Exception <a 'java/security/PrivilegedActionException'> (0x00000000ec66df40) thrown at [/HUDSON/workspace/8-2-build-linux-amd64/jdk8u66/4988/hotspot/src/share/vm/prims/jvm.cpp, line 1386]
Event: 3,692 Thread 0x00007fc4c800b000 Exception <a 'java/security/PrivilegedActionException'> (0x00000000ec6756e0) thrown at [/HUDSON/workspace/8-2-build-linux-amd64/jdk8u66/4988/hotspot/src/share/vm/prims/jvm.cpp, line 1386]
Event: 3,692 Thread 0x00007fc4c800b000 Exception <a 'java/security/PrivilegedActionException'> (0x00000000ec675ad8) thrown at [/HUDSON/workspace/8-2-build-linux-amd64/jdk8u66/4988/hotspot/src/share/vm/prims/jvm.cpp, line 1386]
Event: 3,692 Thread 0x00007fc4c800b000 Exception <a 'java/security/PrivilegedActionException'> (0x00000000ec67d528) thrown at [/HUDSON/workspace/8-2-build-linux-amd64/jdk8u66/4988/hotspot/src/share/vm/prims/jvm.cpp, line 1386]
Event: 3,692 Thread 0x00007fc4c800b000 Exception <a 'java/security/PrivilegedActionException'> (0x00000000ec67d920) thrown at [/HUDSON/workspace/8-2-build-linux-amd64/jdk8u66/4988/hotspot/src/share/vm/prims/jvm.cpp, line 1386]
Event: 4,808 Thread 0x00007fc4c800b000 Exception <a 'java/lang/ClassNotFoundException': org/hibernate/event/EventListenersBeanInfo> (0x00000000ebea9db0) thrown at [/HUDSON/workspace/8-2-build-linux-amd64/jdk8u66/4988/hotspot/src/share/vm/classfile/systemDictionary.cpp, line 210]
Event: 4,809 Thread 0x00007fc4c800b000 Exception <a 'java/lang/ClassNotFoundException': org/hibernate/util/CloneableBeanInfo> (0x00000000ebeb5df0) thrown at [/HUDSON/workspace/8-2-build-linux-amd64/jdk8u66/4988/hotspot/src/share/vm/classfile/systemDictionary.cpp, line 210]
Event: 4,809 Thread 0x00007fc4c800b000 Exception <a 'java/lang/ClassNotFoundException': org/hibernate/util/CloneableCustomizer> (0x00000000ebec2068) thrown at [/HUDSON/workspace/8-2-build-linux-amd64/jdk8u66/4988/hotspot/src/share/vm/classfile/systemDictionary.cpp, line 210]
Event: 4,810 Thread 0x00007fc4c800b000 Exception <a 'java/lang/ClassNotFoundException': org/hibernate/event/EventListenersCustomizer> (0x00000000ebed0638) thrown at [/HUDSON/workspace/8-2-build-linux-amd64/jdk8u66/4988/hotspot/src/share/vm/classfile/systemDictionary.cpp, line 210]
Event: 8,734 Thread 0x00007fc4c800b000 Implicit null exception at 0x00007fc4b9607f9f to 0x00007fc4b9608289

Events (10 events):
Event: 123,153 Thread 0x00007fc4c800b000 DEOPT UNPACKING pc=0x00007fc4b9005229 sp=0x00007fc4cff469f0 mode 2
Event: 123,153 Thread 0x00007fc4c800b000 Uncommon trap: trap_request=0xffffffde fr.pc=0x00007fc4b913a2f8
Event: 123,153 Thread 0x00007fc4c800b000 DEOPT PACKING pc=0x00007fc4b913a2f8 sp=0x00007fc4cff46960
Event: 123,153 Thread 0x00007fc4c800b000 DEOPT UNPACKING pc=0x00007fc4b9005229 sp=0x00007fc4cff46958 mode 2
Event: 125,694 Thread 0x00007fc4c800b000 Uncommon trap: trap_request=0xffffffde fr.pc=0x00007fc4b9163bfc
Event: 125,694 Thread 0x00007fc4c800b000 DEOPT PACKING pc=0x00007fc4b9163bfc sp=0x00007fc4cff46c20
Event: 125,694 Thread 0x00007fc4c800b000 DEOPT UNPACKING pc=0x00007fc4b9005229 sp=0x00007fc4cff46ae8 mode 2
Event: 126,562 Executing VM operation: ParallelGCFailedAllocation
Event: 126,756 Executing VM operation: ParallelGCFailedAllocation done
Event: 203,456 Executing VM operation: ParallelGCFailedAllocation


Dynamic libraries:
00400000-00401000 r-xp 00000000 08:05 806533                             /usr/lib/jvm/java-8-oracle/bin/java
00600000-00601000 rw-p 00000000 08:05 806533                             /usr/lib/jvm/java-8-oracle/bin/java
023dc000-023fd000 rw-p 00000000 00:00 0                                  [heap]
c3000000-ceb00000 rw-p 00000000 00:00 0 
d4600000-ebb00000 ---p 00000000 00:00 0 
ebb00000-ffb80000 rw-p 00000000 00:00 0 
ffb80000-100000000 ---p 00000000 00:00 0 
100000000-100220000 rw-p 00000000 00:00 0 
100220000-140000000 ---p 00000000 00:00 0 
7fc478000000-7fc478021000 rw-p 00000000 00:00 0 
7fc478021000-7fc47c000000 ---p 00000000 00:00 0 
7fc47fe00000-7fc47ffc0000 rw-p 00000000 00:00 0 
7fc47ffc0000-7fc480000000 ---p 00000000 00:00 0 
7fc480000000-7fc480021000 rw-p 00000000 00:00 0 
7fc480021000-7fc484000000 ---p 00000000 00:00 0 
7fc484000000-7fc484021000 rw-p 00000000 00:00 0 
7fc484021000-7fc488000000 ---p 00000000 00:00 0 
7fc488000000-7fc489f71000 rw-p 00000000 00:00 0 
7fc489f71000-7fc48c000000 ---p 00000000 00:00 0 
7fc48c000000-7fc48c71d000 rw-p 00000000 00:00 0 
7fc48c71d000-7fc490000000 ---p 00000000 00:00 0 
7fc490000000-7fc490021000 rw-p 00000000 00:00 0 
7fc490021000-7fc494000000 ---p 00000000 00:00 0 
7fc494000000-7fc495816000 rw-p 00000000 00:00 0 
7fc495816000-7fc498000000 ---p 00000000 00:00 0 
7fc498000000-7fc498021000 rw-p 00000000 00:00 0 
7fc498021000-7fc49c000000 ---p 00000000 00:00 0 
7fc49c000000-7fc49c021000 rw-p 00000000 00:00 0 
7fc49c021000-7fc4a0000000 ---p 00000000 00:00 0 
7fc4a0000000-7fc4a0021000 rw-p 00000000 00:00 0 
7fc4a0021000-7fc4a4000000 ---p 00000000 00:00 0 
7fc4a4000000-7fc4a42b9000 rw-p 00000000 00:00 0 
7fc4a42b9000-7fc4a8000000 ---p 00000000 00:00 0 
7fc4a8000000-7fc4a8021000 rw-p 00000000 00:00 0 
7fc4a8021000-7fc4ac000000 ---p 00000000 00:00 0 
7fc4ac000000-7fc4ac021000 rw-p 00000000 00:00 0 
7fc4ac021000-7fc4b0000000 ---p 00000000 00:00 0 
7fc4b002c000-7fc4b0033000 r--s 00000000 08:05 1047829                    /usr/lib/x86_64-linux-gnu/gconv/gconv-modules.cache
7fc4b0033000-7fc4b0059000 r--p 00000000 08:05 168395                     /usr/share/locale-langpack/es/LC_MESSAGES/libc.mo
7fc4b0059000-7fc4b0259000 rw-p 00000000 00:00 0 
7fc4b0259000-7fc4b0459000 rw-p 00000000 00:00 0 
7fc4b0459000-7fc4b0659000 rw-p 00000000 00:00 0 
7fc4b0659000-7fc4b066b000 r--s 00345000 08:05 807759                     /usr/lib/jvm/java-8-oracle/jre/lib/resources.jar
7fc4b066b000-7fc4b0675000 r--s 00116000 08:05 807821                     /usr/lib/jvm/java-8-oracle/jre/lib/ext/localedata.jar
7fc4b0675000-7fc4b0678000 ---p 00000000 00:00 0 
7fc4b0678000-7fc4b0776000 rw-p 00000000 00:00 0                          [stack:3674]
7fc4b0776000-7fc4b078c000 r-xp 00000000 08:05 807879                     /usr/lib/jvm/java-8-oracle/jre/lib/amd64/libnet.so
7fc4b078c000-7fc4b098c000 ---p 00016000 08:05 807879                     /usr/lib/jvm/java-8-oracle/jre/lib/amd64/libnet.so
7fc4b098c000-7fc4b098d000 rw-p 00016000 08:05 807879                     /usr/lib/jvm/java-8-oracle/jre/lib/amd64/libnet.so
7fc4b098d000-7fc4b098e000 ---p 00000000 00:00 0 
7fc4b098e000-7fc4b0a8e000 rw-p 00000000 00:00 0                          [stack:3673]
7fc4b0a8e000-7fc4b0a91000 ---p 00000000 00:00 0 
7fc4b0a91000-7fc4b0b8f000 rw-p 00000000 00:00 0                          [stack:3672]
7fc4b0b8f000-7fc4b0b92000 ---p 00000000 00:00 0 
7fc4b0b92000-7fc4b0c90000 rw-p 00000000 00:00 0                          [stack:3671]
7fc4b0c90000-7fc4b0c93000 ---p 00000000 00:00 0 
7fc4b0c93000-7fc4b0d91000 rw-p 00000000 00:00 0                          [stack:3670]
7fc4b0d91000-7fc4b0d94000 ---p 00000000 00:00 0 
7fc4b0d94000-7fc4b0e92000 rw-p 00000000 00:00 0                          [stack:3669]
7fc4b0e92000-7fc4b0e95000 ---p 00000000 00:00 0 
7fc4b0e95000-7fc4b0f93000 rw-p 00000000 00:00 0                          [stack:3668]
7fc4b0f93000-7fc4b1675000 r--p 00000000 08:05 789633                     /usr/lib/locale/locale-archive
7fc4b1675000-7fc4b1678000 ---p 00000000 00:00 0 
7fc4b1678000-7fc4b1776000 rw-p 00000000 00:00 0                          [stack:3667]
7fc4b1776000-7fc4b1779000 ---p 00000000 00:00 0 
7fc4b1779000-7fc4b1877000 rw-p 00000000 00:00 0                          [stack:3666]
7fc4b1877000-7fc4b1878000 ---p 00000000 00:00 0 
7fc4b1878000-7fc4b4000000 rw-p 00000000 00:00 0                          [stack:3665]
7fc4b4000000-7fc4b4021000 rw-p 00000000 00:00 0 
7fc4b4021000-7fc4b8000000 ---p 00000000 00:00 0 
7fc4b8001000-7fc4b8002000 rw-p 00000000 00:00 0 
7fc4b8002000-7fc4b8007000 r--s 00096000 08:05 807776                     /usr/lib/jvm/java-8-oracle/jre/lib/jsse.jar
7fc4b8007000-7fc4b8023000 r--s 00393000 08:05 807814                     /usr/lib/jvm/java-8-oracle/jre/lib/ext/cldrdata.jar
7fc4b8023000-7fc4b8054000 rw-p 00000000 00:00 0 
7fc4b8054000-7fc4b8056000 r--s 0000d000 08:05 927933                     /home/chibi/.m2/repository/commons-logging/commons-logging/1.1.1/commons-logging-1.1.1.jar
7fc4b8056000-7fc4b805f000 r--s 00095000 08:05 942759                     /home/chibi/.m2/repository/javassist/javassist/3.12.1.GA/javassist-3.12.1.GA.jar
7fc4b805f000-7fc4b8066000 r--s 00040000 08:05 942752                     /home/chibi/.m2/repository/cglib/cglib/2.2.2/cglib-2.2.2.jar
7fc4b8066000-7fc4b806d000 r--s 000ba000 08:05 942746                     /home/chibi/.m2/repository/mysql/mysql-connector-java/5.1.18/mysql-connector-java-5.1.18.jar
7fc4b806d000-7fc4b8076000 r--s 0006d000 08:05 942749                     /home/chibi/.m2/repository/log4j/log4j/1.2.16/log4j-1.2.16.jar
7fc4b8076000-7fc4b8078000 r--s 00005000 08:05 942744                     /home/chibi/.m2/repository/org/slf4j/slf4j-api/1.6.1/slf4j-api-1.6.1.jar
7fc4b8078000-7fc4b807d000 r--s 00015000 08:05 942739                     /home/chibi/.m2/repository/org/hibernate/javax/persistence/hibernate-jpa-2.0-api/1.0.1.Final/hibernate-jpa-2.0-api-1.0.1.Final.jar
7fc4b807d000-7fc4b8080000 r--s 0000f000 08:05 942732                     /home/chibi/.m2/repository/org/hibernate/hibernate-commons-annotations/3.2.0.Final/hibernate-commons-annotations-3.2.0.Final.jar
7fc4b8080000-7fc4b8085000 r--s 00048000 08:05 942722                     /home/chibi/.m2/repository/dom4j/dom4j/1.6.1/dom4j-1.6.1.jar
7fc4b8085000-7fc4b8092000 r--s 0007c000 08:05 942711                     /home/chibi/.m2/repository/commons-collections/commons-collections/3.1/commons-collections-3.1.jar
7fc4b8092000-7fc4b8098000 r--s 00067000 08:05 942700                     /home/chibi/.m2/repository/antlr/antlr/2.7.6/antlr-2.7.6.jar
7fc4b8098000-7fc4b80ca000 r--s 002c7000 08:05 942609                     /home/chibi/.m2/repository/org/hibernate/hibernate-core/3.6.7.Final/hibernate-core-3.6.7.Final.jar
7fc4b80ca000-7fc4b80d0000 r--s 00036000 08:05 942604                     /home/chibi/.m2/repository/junit/junit/4.11/junit-4.11.jar
7fc4b80d0000-7fc4b80f9000 r--s 001ee000 08:05 942551                     /home/chibi/.m2/repository/com/google/guava/guava/14.0.1/guava-14.0.1.jar
7fc4b80f9000-7fc4b9000000 rw-p 00000000 00:00 0 
7fc4b9000000-7fc4b99e0000 rwxp 00000000 00:00 0 
7fc4b99e0000-7fc4c8000000 ---p 00000000 00:00 0 
7fc4c8000000-7fc4c88ee000 rw-p 00000000 00:00 0 
7fc4c88ee000-7fc4cc000000 ---p 00000000 00:00 0 
7fc4cc000000-7fc4cc001000 r--s 0000a000 08:05 942754                     /home/chibi/.m2/repository/asm/asm/3.3.1/asm-3.3.1.jar
7fc4cc001000-7fc4cc004000 r--s 0000b000 08:05 942599                     /home/chibi/.m2/repository/org/eclipse/xtend/org.eclipse.xtend.lib.macro/2.7.3/org.eclipse.xtend.lib.macro-2.7.3.jar
7fc4cc004000-7fc4cc008000 r--s 00019000 08:05 942525                     /home/chibi/.m2/repository/org/eclipse/xtext/org.eclipse.xtext.xbase.lib/2.7.3/org.eclipse.xtext.xbase.lib-2.7.3.jar
7fc4cc008000-7fc4cc0ad000 rw-p 00000000 00:00 0 
7fc4cc0ad000-7fc4cc286000 r--s 03d20000 08:05 807771                     /usr/lib/jvm/java-8-oracle/jre/lib/rt.jar
7fc4cc286000-7fc4cc4e4000 rw-p 00000000 00:00 0 
7fc4cc4e4000-7fc4cc4e5000 ---p 00000000 00:00 0 
7fc4cc4e5000-7fc4cc5e5000 rw-p 00000000 00:00 0                          [stack:3664]
7fc4cc5e5000-7fc4cc5e6000 ---p 00000000 00:00 0 
7fc4cc5e6000-7fc4cc6e6000 rw-p 00000000 00:00 0                          [stack:3663]
7fc4cc6e6000-7fc4cc6e7000 ---p 00000000 00:00 0 
7fc4cc6e7000-7fc4cc7e7000 rw-p 00000000 00:00 0                          [stack:3662]
7fc4cc7e7000-7fc4cc7e8000 ---p 00000000 00:00 0 
7fc4cc7e8000-7fc4cc946000 rw-p 00000000 00:00 0                          [stack:3661]
7fc4cc946000-7fc4cca2e000 ---p 00000000 00:00 0 
7fc4cca2e000-7fc4cca8c000 rw-p 00000000 00:00 0 
7fc4cca8c000-7fc4ccb73000 ---p 00000000 00:00 0 
7fc4ccb73000-7fc4ccc14000 rw-p 00000000 00:00 0 
7fc4ccc14000-7fc4ccc16000 ---p 00000000 00:00 0 
7fc4ccc16000-7fc4ccc3f000 rw-p 00000000 00:00 0 
7fc4ccc3f000-7fc4ccfd7000 ---p 00000000 00:00 0 
7fc4ccfd7000-7fc4ccff1000 r-xp 00000000 08:05 807888                     /usr/lib/jvm/java-8-oracle/jre/lib/amd64/libzip.so
7fc4ccff1000-7fc4cd1f1000 ---p 0001a000 08:05 807888                     /usr/lib/jvm/java-8-oracle/jre/lib/amd64/libzip.so
7fc4cd1f1000-7fc4cd1f2000 rw-p 0001a000 08:05 807888                     /usr/lib/jvm/java-8-oracle/jre/lib/amd64/libzip.so
7fc4cd1f2000-7fc4cd1fd000 r-xp 00000000 08:05 657773                     /lib/x86_64-linux-gnu/libnss_files-2.19.so
7fc4cd1fd000-7fc4cd3fc000 ---p 0000b000 08:05 657773                     /lib/x86_64-linux-gnu/libnss_files-2.19.so
7fc4cd3fc000-7fc4cd3fd000 r--p 0000a000 08:05 657773                     /lib/x86_64-linux-gnu/libnss_files-2.19.so
7fc4cd3fd000-7fc4cd3fe000 rw-p 0000b000 08:05 657773                     /lib/x86_64-linux-gnu/libnss_files-2.19.so
7fc4cd3fe000-7fc4cd409000 r-xp 00000000 08:05 657783                     /lib/x86_64-linux-gnu/libnss_nis-2.19.so
7fc4cd409000-7fc4cd608000 ---p 0000b000 08:05 657783                     /lib/x86_64-linux-gnu/libnss_nis-2.19.so
7fc4cd608000-7fc4cd609000 r--p 0000a000 08:05 657783                     /lib/x86_64-linux-gnu/libnss_nis-2.19.so
7fc4cd609000-7fc4cd60a000 rw-p 0000b000 08:05 657783                     /lib/x86_64-linux-gnu/libnss_nis-2.19.so
7fc4cd60a000-7fc4cd621000 r-xp 00000000 08:05 657767                     /lib/x86_64-linux-gnu/libnsl-2.19.so
7fc4cd621000-7fc4cd820000 ---p 00017000 08:05 657767                     /lib/x86_64-linux-gnu/libnsl-2.19.so
7fc4cd820000-7fc4cd821000 r--p 00016000 08:05 657767                     /lib/x86_64-linux-gnu/libnsl-2.19.so
7fc4cd821000-7fc4cd822000 rw-p 00017000 08:05 657767                     /lib/x86_64-linux-gnu/libnsl-2.19.so
7fc4cd822000-7fc4cd824000 rw-p 00000000 00:00 0 
7fc4cd824000-7fc4cd82d000 r-xp 00000000 08:05 657769                     /lib/x86_64-linux-gnu/libnss_compat-2.19.so
7fc4cd82d000-7fc4cda2c000 ---p 00009000 08:05 657769                     /lib/x86_64-linux-gnu/libnss_compat-2.19.so
7fc4cda2c000-7fc4cda2d000 r--p 00008000 08:05 657769                     /lib/x86_64-linux-gnu/libnss_compat-2.19.so
7fc4cda2d000-7fc4cda2e000 rw-p 00009000 08:05 657769                     /lib/x86_64-linux-gnu/libnss_compat-2.19.so
7fc4cda2e000-7fc4cda58000 r-xp 00000000 08:05 807882                     /usr/lib/jvm/java-8-oracle/jre/lib/amd64/libjava.so
7fc4cda58000-7fc4cdc58000 ---p 0002a000 08:05 807882                     /usr/lib/jvm/java-8-oracle/jre/lib/amd64/libjava.so
7fc4cdc58000-7fc4cdc5a000 rw-p 0002a000 08:05 807882                     /usr/lib/jvm/java-8-oracle/jre/lib/amd64/libjava.so
7fc4cdc5a000-7fc4cdc67000 r-xp 00000000 08:05 807881                     /usr/lib/jvm/java-8-oracle/jre/lib/amd64/libverify.so
7fc4cdc67000-7fc4cde67000 ---p 0000d000 08:05 807881                     /usr/lib/jvm/java-8-oracle/jre/lib/amd64/libverify.so
7fc4cde67000-7fc4cde69000 rw-p 0000d000 08:05 807881                     /usr/lib/jvm/java-8-oracle/jre/lib/amd64/libverify.so
7fc4cde69000-7fc4cde70000 r-xp 00000000 08:05 657826                     /lib/x86_64-linux-gnu/librt-2.19.so
7fc4cde70000-7fc4ce06f000 ---p 00007000 08:05 657826                     /lib/x86_64-linux-gnu/librt-2.19.so
7fc4ce06f000-7fc4ce070000 r--p 00006000 08:05 657826                     /lib/x86_64-linux-gnu/librt-2.19.so
7fc4ce070000-7fc4ce071000 rw-p 00007000 08:05 657826                     /lib/x86_64-linux-gnu/librt-2.19.so
7fc4ce071000-7fc4ce176000 r-xp 00000000 08:05 657748                     /lib/x86_64-linux-gnu/libm-2.19.so
7fc4ce176000-7fc4ce375000 ---p 00105000 08:05 657748                     /lib/x86_64-linux-gnu/libm-2.19.so
7fc4ce375000-7fc4ce376000 r--p 00104000 08:05 657748                     /lib/x86_64-linux-gnu/libm-2.19.so
7fc4ce376000-7fc4ce377000 rw-p 00105000 08:05 657748                     /lib/x86_64-linux-gnu/libm-2.19.so
7fc4ce377000-7fc4cf035000 r-xp 00000000 08:05 807898                     /usr/lib/jvm/java-8-oracle/jre/lib/amd64/server/libjvm.so
7fc4cf035000-7fc4cf234000 ---p 00cbe000 08:05 807898                     /usr/lib/jvm/java-8-oracle/jre/lib/amd64/server/libjvm.so
7fc4cf234000-7fc4cf30d000 rw-p 00cbd000 08:05 807898                     /usr/lib/jvm/java-8-oracle/jre/lib/amd64/server/libjvm.so
7fc4cf30d000-7fc4cf351000 rw-p 00000000 00:00 0 
7fc4cf351000-7fc4cf50c000 r-xp 00000000 08:05 657698                     /lib/x86_64-linux-gnu/libc-2.19.so
7fc4cf50c000-7fc4cf70b000 ---p 001bb000 08:05 657698                     /lib/x86_64-linux-gnu/libc-2.19.so
7fc4cf70b000-7fc4cf70f000 r--p 001ba000 08:05 657698                     /lib/x86_64-linux-gnu/libc-2.19.so
7fc4cf70f000-7fc4cf711000 rw-p 001be000 08:05 657698                     /lib/x86_64-linux-gnu/libc-2.19.so
7fc4cf711000-7fc4cf716000 rw-p 00000000 00:00 0 
7fc4cf716000-7fc4cf719000 r-xp 00000000 08:05 657715                     /lib/x86_64-linux-gnu/libdl-2.19.so
7fc4cf719000-7fc4cf918000 ---p 00003000 08:05 657715                     /lib/x86_64-linux-gnu/libdl-2.19.so
7fc4cf918000-7fc4cf919000 r--p 00002000 08:05 657715                     /lib/x86_64-linux-gnu/libdl-2.19.so
7fc4cf919000-7fc4cf91a000 rw-p 00003000 08:05 657715                     /lib/x86_64-linux-gnu/libdl-2.19.so
7fc4cf91a000-7fc4cf92f000 r-xp 00000000 08:05 809124                     /usr/lib/jvm/java-8-oracle/lib/amd64/jli/libjli.so
7fc4cf92f000-7fc4cfb2f000 ---p 00015000 08:05 809124                     /usr/lib/jvm/java-8-oracle/lib/amd64/jli/libjli.so
7fc4cfb2f000-7fc4cfb30000 rw-p 00015000 08:05 809124                     /usr/lib/jvm/java-8-oracle/lib/amd64/jli/libjli.so
7fc4cfb30000-7fc4cfb49000 r-xp 00000000 08:05 657818                     /lib/x86_64-linux-gnu/libpthread-2.19.so
7fc4cfb49000-7fc4cfd48000 ---p 00019000 08:05 657818                     /lib/x86_64-linux-gnu/libpthread-2.19.so
7fc4cfd48000-7fc4cfd49000 r--p 00018000 08:05 657818                     /lib/x86_64-linux-gnu/libpthread-2.19.so
7fc4cfd49000-7fc4cfd4a000 rw-p 00019000 08:05 657818                     /lib/x86_64-linux-gnu/libpthread-2.19.so
7fc4cfd4a000-7fc4cfd4e000 rw-p 00000000 00:00 0 
7fc4cfd4e000-7fc4cfd71000 r-xp 00000000 08:05 657674                     /lib/x86_64-linux-gnu/ld-2.19.so
7fc4cfd71000-7fc4cfd72000 r--s 00002000 08:05 942750                     /home/chibi/.m2/repository/org/slf4j/slf4j-log4j12/1.6.2/slf4j-log4j12-1.6.2.jar
7fc4cfd72000-7fc4cfd73000 r--s 00003000 08:05 942726                     /home/chibi/.m2/repository/javax/transaction/jta/1.1/jta-1.1.jar
7fc4cfd73000-7fc4cfd77000 r--s 0001d000 08:05 941471                     /home/chibi/.m2/repository/org/eclipse/xtend/org.eclipse.xtend.lib/2.7.3/org.eclipse.xtend.lib-2.7.3.jar
7fc4cfd77000-7fc4cfe49000 rw-p 00000000 00:00 0 
7fc4cfe49000-7fc4cfe4c000 ---p 00000000 00:00 0 
7fc4cfe4c000-7fc4cff4e000 rw-p 00000000 00:00 0                          [stack:3660]
7fc4cff4e000-7fc4cff50000 r--s 00009000 08:05 942606                     /home/chibi/.m2/repository/org/hamcrest/hamcrest-core/1.3/hamcrest-core-1.3.jar
7fc4cff50000-7fc4cff64000 rw-p 00000000 00:00 0 
7fc4cff64000-7fc4cff6c000 rw-s 00000000 08:05 169436                     /tmp/hsperfdata_chibi/3653
7fc4cff6c000-7fc4cff6d000 rw-p 00000000 00:00 0 
7fc4cff6d000-7fc4cff6e000 ---p 00000000 00:00 0 
7fc4cff6e000-7fc4cff70000 rw-p 00000000 00:00 0 
7fc4cff70000-7fc4cff71000 r--p 00022000 08:05 657674                     /lib/x86_64-linux-gnu/ld-2.19.so
7fc4cff71000-7fc4cff72000 rw-p 00023000 08:05 657674                     /lib/x86_64-linux-gnu/ld-2.19.so
7fc4cff72000-7fc4cff73000 rw-p 00000000 00:00 0 
7fff77757000-7fff77779000 rw-p 00000000 00:00 0                          [stack]
7fff777b3000-7fff777b5000 r--p 00000000 00:00 0                          [vvar]
7fff777b5000-7fff777b7000 r-xp 00000000 00:00 0                          [vdso]
ffffffffff600000-ffffffffff601000 r-xp 00000000 00:00 0                  [vsyscall]

VM Arguments:
jvm_args: -Dfile.encoding=UTF-8 
java_command: org.eclipse.jdt.internal.junit.runner.RemoteTestRunner -version 3 -port 36382 -testLoaderClass org.eclipse.jdt.internal.junit4.runner.JUnit4TestLoader -loaderpluginname org.eclipse.jdt.junit4.runtime -classNames unq.tpi.persistencia.performanceEj.daos.EmployeeDAOTest
java_class_path (initial): /home/chibi/Escritorio/TP-Performance/target/test-classes:/home/chibi/Escritorio/TP-Performance/target/classes:/home/chibi/.m2/repository/org/eclipse/xtend/org.eclipse.xtend.lib/2.7.3/org.eclipse.xtend.lib-2.7.3.jar:/home/chibi/.m2/repository/org/eclipse/xtext/org.eclipse.xtext.xbase.lib/2.7.3/org.eclipse.xtext.xbase.lib-2.7.3.jar:/home/chibi/.m2/repository/com/google/guava/guava/14.0.1/guava-14.0.1.jar:/home/chibi/.m2/repository/org/eclipse/xtend/org.eclipse.xtend.lib.macro/2.7.3/org.eclipse.xtend.lib.macro-2.7.3.jar:/home/chibi/.m2/repository/junit/junit/4.11/junit-4.11.jar:/home/chibi/.m2/repository/org/hamcrest/hamcrest-core/1.3/hamcrest-core-1.3.jar:/home/chibi/.m2/repository/org/hibernate/hibernate-core/3.6.7.Final/hibernate-core-3.6.7.Final.jar:/home/chibi/.m2/repository/antlr/antlr/2.7.6/antlr-2.7.6.jar:/home/chibi/.m2/repository/commons-collections/commons-collections/3.1/commons-collections-3.1.jar:/home/chibi/.m2/repository/dom4j/dom4j/1.6.1/dom4j-1.6.1.jar:/home/chibi/.m2/repository/org/hibernate/hibernate-commons-annotations/3.2.0.Final/hibernate-commons-annotations-3.2.0.Final.jar:/home/chibi/.m2/repository/org/hibernate/javax/persistence/hibernate-jpa-2.0-api/1.0.1.Final/hibernate-jpa-2.0-api-1.0.1.Final.jar:/home/chibi/.m2/repository/javax/transaction/jta/1.1/jta-1.1.jar:/home/chibi/.m2/repository/org/slf4j/slf4j-api/1.6.1/slf4j-api-1.6.1.jar:/home/chibi/.m2/repository/log4j/log4j/1.2.16/log4j-1.2.16.jar:/home/chibi/.m2/repository/org/slf4j/slf4j-log4j12/1.6.2/slf4j-log4j12-1.6.2.jar:/home/chibi/.m2/repository/mysql/mysql-connector-java/5.1.18/mysql-connector-java-5.1.18.jar:/home/chibi/.m2/repository/cglib/cglib/2.2.2/cglib-2.2.2.jar:/home/chibi/.m2/repository/asm/asm/3.3.1/asm-3.3.1.jar:/home/chibi/.m2/repository/javassist/javassist/3.12.1.GA/javassist-3.12.1.GA.jar:/home/chibi/.m2/repository/commons-logging/commons-logging/1.1.1/commons-logging-1.1.1.jar:/home/chibi/Descargas/eclipse/configuration/org.eclipse.osgi/380/
Launcher Type: SUN_STANDARD

Environment Variables:
PATH=/usr/local/sbin:/usr/local/bin:/usr/sbin:/usr/bin:/sbin:/bin:/usr/games:/usr/local/games
SHELL=/bin/bash
DISPLAY=:0.0

Signal Handlers:
SIGSEGV: [libjvm.so+0xaba2a0], sa_mask[0]=11111111011111111101111111111110, sa_flags=SA_RESTART|SA_SIGINFO
SIGBUS: [libjvm.so+0xaba2a0], sa_mask[0]=11111111011111111101111111111110, sa_flags=SA_RESTART|SA_SIGINFO
SIGFPE: [libjvm.so+0x917710], sa_mask[0]=11111111011111111101111111111110, sa_flags=SA_RESTART|SA_SIGINFO
SIGPIPE: [libjvm.so+0x917710], sa_mask[0]=11111111011111111101111111111110, sa_flags=SA_RESTART|SA_SIGINFO
SIGXFSZ: [libjvm.so+0x917710], sa_mask[0]=11111111011111111101111111111110, sa_flags=SA_RESTART|SA_SIGINFO
SIGILL: [libjvm.so+0x917710], sa_mask[0]=11111111011111111101111111111110, sa_flags=SA_RESTART|SA_SIGINFO
SIGUSR1: SIG_DFL, sa_mask[0]=00000000000000000000000000000000, sa_flags=none
SIGUSR2: [libjvm.so+0x918d40], sa_mask[0]=00100000000000000000000000000000, sa_flags=SA_RESTART|SA_SIGINFO
SIGHUP: [libjvm.so+0x91a140], sa_mask[0]=11111111011111111101111111111110, sa_flags=SA_RESTART|SA_SIGINFO
SIGINT: [libjvm.so+0x91a140], sa_mask[0]=11111111011111111101111111111110, sa_flags=SA_RESTART|SA_SIGINFO
SIGTERM: [libjvm.so+0x91a140], sa_mask[0]=11111111011111111101111111111110, sa_flags=SA_RESTART|SA_SIGINFO
SIGQUIT: [libjvm.so+0x91a140], sa_mask[0]=11111111011111111101111111111110, sa_flags=SA_RESTART|SA_SIGINFO


---------------  S Y S T E M  ---------------

OS:DISTRIB_ID=Ubuntu
DISTRIB_RELEASE=14.04
DISTRIB_CODENAME=trusty
DISTRIB_DESCRIPTION="Ubuntu 14.04.3 LTS"

uname:Linux 3.19.0-30-generic #34~14.04.1-Ubuntu SMP Fri Oct 2 22:09:39 UTC 2015 x86_64
libc:glibc 2.19 NPTL 2.19 
rlimit: STACK 8192k, CORE 0k, NPROC 15514, NOFILE 4096, AS infinity
load average:7,41 3,83 2,07

/proc/meminfo:
MemTotal:        3993212 kB
MemFree:          117208 kB
MemAvailable:      50320 kB
Buffers:             428 kB
Cached:           223184 kB
SwapCached:            0 kB
Active:          2316404 kB
Inactive:         183948 kB
Active(anon):    2315036 kB
Inactive(anon):   181388 kB
Active(file):       1368 kB
Inactive(file):     2560 kB
Unevictable:     1223400 kB
Mlocked:         1223400 kB
SwapTotal:             0 kB
SwapFree:              0 kB
Dirty:               136 kB
Writeback:             0 kB
AnonPages:       3500508 kB
Mapped:            90020 kB
Shmem:            198664 kB
Slab:              60180 kB
SReclaimable:      31236 kB
SUnreclaim:        28944 kB
KernelStack:       10016 kB
PageTables:        37184 kB
NFS_Unstable:          0 kB
Bounce:                0 kB
WritebackTmp:          0 kB
CommitLimit:     1996604 kB
Committed_AS:    6879080 kB
VmallocTotal:   34359738367 kB
VmallocUsed:      216740 kB
VmallocChunk:   34359510492 kB
HardwareCorrupted:     0 kB
AnonHugePages:   1787904 kB
CmaTotal:              0 kB
CmaFree:               0 kB
HugePages_Total:       0
HugePages_Free:        0
HugePages_Rsvd:        0
HugePages_Surp:        0
Hugepagesize:       2048 kB
DirectMap4k:       92416 kB
DirectMap2M:     4048896 kB


CPU:total 4 (2 cores per cpu, 2 threads per core) family 6 model 42 stepping 7, cmov, cx8, fxsr, mmx, sse, sse2, sse3, ssse3, sse4.1, sse4.2, popcnt, avx, clmul, ht, tsc, tscinvbit

/proc/cpuinfo:
processor	: 0
vendor_id	: GenuineIntel
cpu family	: 6
model		: 42
model name	: Intel(R) Core(TM) i3-2330M CPU @ 2.20GHz
stepping	: 7
microcode	: 0x23
cpu MHz		: 893.578
cache size	: 3072 KB
physical id	: 0
siblings	: 4
core id		: 0
cpu cores	: 2
apicid		: 0
initial apicid	: 0
fpu		: yes
fpu_exception	: yes
cpuid level	: 13
wp		: yes
flags		: fpu vme de pse tsc msr pae mce cx8 apic sep mtrr pge mca cmov pat pse36 clflush dts acpi mmx fxsr sse sse2 ss ht tm pbe syscall nx rdtscp lm constant_tsc arch_perfmon pebs bts rep_good nopl xtopology nonstop_tsc aperfmperf eagerfpu pni pclmulqdq dtes64 monitor ds_cpl vmx est tm2 ssse3 cx16 xtpr pdcm pcid sse4_1 sse4_2 x2apic popcnt tsc_deadline_timer xsave avx lahf_lm arat epb pln pts dtherm tpr_shadow vnmi flexpriority ept vpid xsaveopt
bugs		:
bogomips	: 4390.01
clflush size	: 64
cache_alignment	: 64
address sizes	: 36 bits physical, 48 bits virtual
power management:

processor	: 1
vendor_id	: GenuineIntel
cpu family	: 6
model		: 42
model name	: Intel(R) Core(TM) i3-2330M CPU @ 2.20GHz
stepping	: 7
microcode	: 0x23
cpu MHz		: 826.203
cache size	: 3072 KB
physical id	: 0
siblings	: 4
core id		: 0
cpu cores	: 2
apicid		: 1
initial apicid	: 1
fpu		: yes
fpu_exception	: yes
cpuid level	: 13
wp		: yes
flags		: fpu vme de pse tsc msr pae mce cx8 apic sep mtrr pge mca cmov pat pse36 clflush dts acpi mmx fxsr sse sse2 ss ht tm pbe syscall nx rdtscp lm constant_tsc arch_perfmon pebs bts rep_good nopl xtopology nonstop_tsc aperfmperf eagerfpu pni pclmulqdq dtes64 monitor ds_cpl vmx est tm2 ssse3 cx16 xtpr pdcm pcid sse4_1 sse4_2 x2apic popcnt tsc_deadline_timer xsave avx lahf_lm arat epb pln pts dtherm tpr_shadow vnmi flexpriority ept vpid xsaveopt
bugs		:
bogomips	: 4390.01
clflush size	: 64
cache_alignment	: 64
address sizes	: 36 bits physical, 48 bits virtual
power management:

processor	: 2
vendor_id	: GenuineIntel
cpu family	: 6
model		: 42
model name	: Intel(R) Core(TM) i3-2330M CPU @ 2.20GHz
stepping	: 7
microcode	: 0x23
cpu MHz		: 866.593
cache size	: 3072 KB
physical id	: 0
siblings	: 4
core id		: 1
cpu cores	: 2
apicid		: 2
initial apicid	: 2
fpu		: yes
fpu_exception	: yes
cpuid level	: 13
wp		: yes
flags		: fpu vme de pse tsc msr pae mce cx8 apic sep mtrr pge mca cmov pat pse36 clflush dts acpi mmx fxsr sse sse2 ss ht tm pbe syscall nx rdtscp lm constant_tsc arch_perfmon pebs bts rep_good nopl xtopology nonstop_tsc aperfmperf eagerfpu pni pclmulqdq dtes64 monitor ds_cpl vmx est tm2 ssse3 cx16 xtpr pdcm pcid sse4_1 sse4_2 x2apic popcnt tsc_deadline_timer xsave avx lahf_lm arat epb pln pts dtherm tpr_shadow vnmi flexpriority ept vpid xsaveopt
bugs		:
bogomips	: 4390.01
clflush size	: 64
cache_alignment	: 64
address sizes	: 36 bits physical, 48 bits virtual
power management:

processor	: 3
vendor_id	: GenuineIntel
cpu family	: 6
model		: 42
model name	: Intel(R) Core(TM) i3-2330M CPU @ 2.20GHz
stepping	: 7
microcode	: 0x23
cpu MHz		: 876.648
cache size	: 3072 KB
physical id	: 0
siblings	: 4
core id		: 1
cpu cores	: 2
apicid		: 3
initial apicid	: 3
fpu		: yes
fpu_exception	: yes
cpuid level	: 13
wp		: yes
flags		: fpu vme de pse tsc msr pae mce cx8 apic sep mtrr pge mca cmov pat pse36 clflush dts acpi mmx fxsr sse sse2 ss ht tm pbe syscall nx rdtscp lm constant_tsc arch_perfmon pebs bts rep_good nopl xtopology nonstop_tsc aperfmperf eagerfpu pni pclmulqdq dtes64 monitor ds_cpl vmx est tm2 ssse3 cx16 xtpr pdcm pcid sse4_1 sse4_2 x2apic popcnt tsc_deadline_timer xsave avx lahf_lm arat epb pln pts dtherm tpr_shadow vnmi flexpriority ept vpid xsaveopt
bugs		:
bogomips	: 4390.01
clflush size	: 64
cache_alignment	: 64
address sizes	: 36 bits physical, 48 bits virtual
power management:



Memory: 4k page, physical 3993212k(117208k free), swap 0k(0k free)

vm_info: Java HotSpot(TM) 64-Bit Server VM (25.66-b17) for linux-amd64 JRE (1.8.0_66-b17), built on Oct  6 2015 17:28:34 by "java_re" with gcc 4.3.0 20080428 (Red Hat 4.3.0-8)

time: Mon Apr 25 13:15:45 2016
elapsed time: 206 seconds (0d 0h 3m 26s)

