#
# There is insufficient memory for the Java Runtime Environment to continue.
# Native memory allocation (mmap) failed to map 59768832 bytes for committing reserved memory.
# Possible reasons:
#   The system is out of physical RAM or swap space
#   In 32 bit mode, the process size limit was hit
# Possible solutions:
#   Reduce memory load on the system
#   Increase physical memory or swap space
#   Check if swap backing store is full
#   Use 64 bit Java on a 64 bit OS
#   Decrease Java heap size (-Xmx/-Xms)
#   Decrease number of Java threads
#   Decrease Java thread stack sizes (-Xss)
#   Set larger code cache with -XX:ReservedCodeCacheSize=
# This output file may be truncated or incomplete.
#
#  Out of Memory Error (os_linux.cpp:2627), pid=6313, tid=140332816639744
#
# JRE version: Java(TM) SE Runtime Environment (8.0_66-b17) (build 1.8.0_66-b17)
# Java VM: Java HotSpot(TM) 64-Bit Server VM (25.66-b17 mixed mode linux-amd64 compressed oops)
# Failed to write core dump. Core dumps have been disabled. To enable core dumping, try "ulimit -c unlimited" before starting Java again
#

---------------  T H R E A D  ---------------

Current thread (0x00007fa1e8078800):  VMThread [stack: 0x00007fa1c79fa000,0x00007fa1c7afb000] [id=6325]

Stack: [0x00007fa1c79fa000,0x00007fa1c7afb000],  sp=0x00007fa1c7af90e0,  free space=1020k
Native frames: (J=compiled Java code, j=interpreted, Vv=VM code, C=native code)
V  [libjvm.so+0xab9a1a]  VMError::report_and_die()+0x2ba
V  [libjvm.so+0x4f9e0b]  report_vm_out_of_memory(char const*, int, unsigned long, VMErrorType, char const*)+0x8b
V  [libjvm.so+0x91a8a3]  os::Linux::commit_memory_impl(char*, unsigned long, bool)+0x103
V  [libjvm.so+0x91adf9]  os::pd_commit_memory(char*, unsigned long, unsigned long, bool)+0x29
V  [libjvm.so+0x91510a]  os::commit_memory(char*, unsigned long, unsigned long, bool)+0x2a
V  [libjvm.so+0x9887a3]  PSVirtualSpace::expand_by(unsigned long)+0x53
V  [libjvm.so+0x979090]  PSOldGen::expand(unsigned long)+0x170
V  [libjvm.so+0x97929b]  PSOldGen::resize(unsigned long)+0x1cb
V  [libjvm.so+0x980f71]  PSParallelCompact::invoke_no_policy(bool)+0x991
V  [libjvm.so+0x9868cd]  PSScavenge::invoke()+0x1ad
V  [libjvm.so+0x93e500]  ParallelScavengeHeap::failed_mem_allocate(unsigned long)+0x70
V  [libjvm.so+0xabb437]  VM_ParallelGCFailedAllocation::doit()+0x97
V  [libjvm.so+0xac2e65]  VM_Operation::evaluate()+0x55
V  [libjvm.so+0xac123a]  VMThread::evaluate_operation(VM_Operation*)+0xba
V  [libjvm.so+0xac15be]  VMThread::loop()+0x1ce
V  [libjvm.so+0xac1a30]  VMThread::run()+0x70
V  [libjvm.so+0x91cc68]  java_start(Thread*)+0x108

VM_Operation (0x00007fa1ee03ad90): ParallelGCFailedAllocation, mode: safepoint, requested by thread 0x00007fa1e800b000


---------------  P R O C E S S  ---------------

Java Threads: ( => current thread )
  0x00007fa1e81e2800 JavaThread "ReaderThread" [_thread_in_native, id=6334, stack(0x00007fa1c678a000,0x00007fa1c688b000)]
  0x00007fa1e80c8800 JavaThread "Service Thread" daemon [_thread_blocked, id=6332, stack(0x00007fa1c6c11000,0x00007fa1c6d12000)]
  0x00007fa1e80bb800 JavaThread "C1 CompilerThread2" daemon [_thread_blocked, id=6331, stack(0x00007fa1c6d12000,0x00007fa1c6e13000)]
  0x00007fa1e80b9800 JavaThread "C2 CompilerThread1" daemon [_thread_blocked, id=6330, stack(0x00007fa1c6e13000,0x00007fa1c6f14000)]
  0x00007fa1e80b7000 JavaThread "C2 CompilerThread0" daemon [_thread_blocked, id=6329, stack(0x00007fa1c6f14000,0x00007fa1c7015000)]
  0x00007fa1e80b5800 JavaThread "Signal Dispatcher" daemon [_thread_blocked, id=6328, stack(0x00007fa1c7015000,0x00007fa1c7116000)]
  0x00007fa1e807f800 JavaThread "Finalizer" daemon [_thread_blocked, id=6327, stack(0x00007fa1c77f8000,0x00007fa1c78f9000)]
  0x00007fa1e807d800 JavaThread "Reference Handler" daemon [_thread_blocked, id=6326, stack(0x00007fa1c78f9000,0x00007fa1c79fa000)]
  0x00007fa1e800b000 JavaThread "main" [_thread_blocked, id=6320, stack(0x00007fa1edf3d000,0x00007fa1ee03e000)]

Other Threads:
=>0x00007fa1e8078800 VMThread [stack: 0x00007fa1c79fa000,0x00007fa1c7afb000] [id=6325]
  0x00007fa1e80cb800 WatcherThread [stack: 0x00007fa1c6b10000,0x00007fa1c6c11000] [id=6333]

VM state:at safepoint (normal execution)

VM Mutex/Monitor currently owned by a thread:  ([mutex/lock_event])
[0x00007fa1e80069d0] ExpandHeap_lock - owner thread: 0x00007fa1e8078800
[0x00007fa1e8007050] Threads_lock - owner thread: 0x00007fa1e8078800
[0x00007fa1e8007550] Heap_lock - owner thread: 0x00007fa1e800b000

Heap:
 PSYoungGen      total 217088K, used 0K [0x00000000ebb00000, 0x00000000fac00000, 0x0000000100000000)
  eden space 199680K, 0% used [0x00000000ebb00000,0x00000000ebb00000,0x00000000f7e00000)
  from space 17408K, 0% used [0x00000000f9b00000,0x00000000f9b00000,0x00000000fac00000)
  to   space 23552K, 0% used [0x00000000f7e00000,0x00000000f7e00000,0x00000000f9500000)
 ParOldGen       total 121344K, used 114312K [0x00000000c3000000, 0x00000000ca680000, 0x00000000ebb00000)
  object space 121344K, 94% used [0x00000000c3000000,0x00000000c9fa21b0,0x00000000ca680000)
 Metaspace       used 18023K, capacity 18246K, committed 18560K, reserved 1064960K
  class space    used 2048K, capacity 2093K, committed 2176K, reserved 1048576K

Card table byte_map: [0x00007fa1d79bd000,0x00007fa1d7ba6000] byte_map_base: 0x00007fa1d73a5000

Marking Bits: (ParMarkBitMap*) 0x00007fa1ed41a020
 Begin Bits: [0x00007fa1d5739000, 0x00007fa1d6679000)
 End Bits:   [0x00007fa1d6679000, 0x00007fa1d75b9000)

Polling page: 0x00007fa1ee061000

CodeCache: size=245760Kb used=8786Kb max_used=11441Kb free=236973Kb
 bounds [0x00007fa1d7f66000, 0x00007fa1d8ab6000, 0x00007fa1e6f66000]
 total_blobs=2565 nmethods=2135 adapters=343
 compilation: enabled

Compilation events (10 events):
Event: 46,304 Thread 0x00007fa1e80b9800 2762       4       org.hibernate.collection.AbstractPersistentCollection::endRead (5 bytes)
Event: 46,306 Thread 0x00007fa1e80b9800 nmethod 2762 0x00007fa1d8185910 code [0x00007fa1d8185a60, 0x00007fa1d8185af8]
Event: 46,307 Thread 0x00007fa1e80b7000 2763       4       org.hibernate.collection.PersistentSet::endRead (25 bytes)
Event: 46,315 Thread 0x00007fa1e80b7000 nmethod 2763 0x00007fa1d8340690 code [0x00007fa1d8340820, 0x00007fa1d8340c28]
Event: 47,116 Thread 0x00007fa1e80b9800 2764       4       org.hibernate.engine.loading.CollectionLoadContext::endLoadingCollection (308 bytes)
Event: 47,221 Thread 0x00007fa1e80b9800 nmethod 2764 0x00007fa1d8133910 code [0x00007fa1d8133d40, 0x00007fa1d8135f80]
Event: 49,036 Thread 0x00007fa1e80b7000 2765       4       org.hibernate.engine.loading.CollectionLoadContext::endLoadingCollections (185 bytes)
Event: 49,046 Thread 0x00007fa1e80b7000 nmethod 2765 0x00007fa1d80eab10 code [0x00007fa1d80eacc0, 0x00007fa1d80eb128]
Event: 49,054 Thread 0x00007fa1e80b9800 2766       4       com.mysql.jdbc.ResultSetImpl::<init> (475 bytes)
Event: 49,073 Thread 0x00007fa1e80b9800 nmethod 2766 0x00007fa1d8594510 code [0x00007fa1d8594760, 0x00007fa1d8595508]

GC Heap History (10 events):
Event: 25,022 GC heap after
Heap after GC invocations=14 (full 1):
 PSYoungGen      total 141312K, used 13088K [0x00000000ebb00000, 0x00000000f8180000, 0x0000000100000000)
  eden space 122368K, 0% used [0x00000000ebb00000,0x00000000ebb00000,0x00000000f3280000)
  from space 18944K, 69% used [0x00000000f3280000,0x00000000f3f48020,0x00000000f4500000)
  to   space 19456K, 0% used [0x00000000f6e80000,0x00000000f6e80000,0x00000000f8180000)
 ParOldGen       total 73728K, used 58867K [0x00000000c3000000, 0x00000000c7800000, 0x00000000ebb00000)
  object space 73728K, 79% used [0x00000000c3000000,0x00000000c697cc88,0x00000000c7800000)
 Metaspace       used 18023K, capacity 18246K, committed 18560K, reserved 1064960K
  class space    used 2048K, capacity 2093K, committed 2176K, reserved 1048576K
}
Event: 28,643 GC heap before
{Heap before GC invocations=15 (full 1):
 PSYoungGen      total 141312K, used 135456K [0x00000000ebb00000, 0x00000000f8180000, 0x0000000100000000)
  eden space 122368K, 100% used [0x00000000ebb00000,0x00000000f3280000,0x00000000f3280000)
  from space 18944K, 69% used [0x00000000f3280000,0x00000000f3f48020,0x00000000f4500000)
  to   space 19456K, 0% used [0x00000000f6e80000,0x00000000f6e80000,0x00000000f8180000)
 ParOldGen       total 73728K, used 58867K [0x00000000c3000000, 0x00000000c7800000, 0x00000000ebb00000)
  object space 73728K, 79% used [0x00000000c3000000,0x00000000c697cc88,0x00000000c7800000)
 Metaspace       used 18023K, capacity 18246K, committed 18560K, reserved 1064960K
  class space    used 2048K, capacity 2093K, committed 2176K, reserved 1048576K
Event: 28,708 GC heap after
Heap after GC invocations=15 (full 1):
 PSYoungGen      total 178688K, used 11136K [0x00000000ebb00000, 0x00000000f7e80000, 0x0000000100000000)
  eden space 162304K, 0% used [0x00000000ebb00000,0x00000000ebb00000,0x00000000f5980000)
  from space 16384K, 67% used [0x00000000f6e80000,0x00000000f7960000,0x00000000f7e80000)
  to   space 18944K, 0% used [0x00000000f5980000,0x00000000f5980000,0x00000000f6c00000)
 ParOldGen       total 73728K, used 71883K [0x00000000c3000000, 0x00000000c7800000, 0x00000000ebb00000)
  object space 73728K, 97% used [0x00000000c3000000,0x00000000c7632ca8,0x00000000c7800000)
 Metaspace       used 18023K, capacity 18246K, committed 18560K, reserved 1064960K
  class space    used 2048K, capacity 2093K, committed 2176K, reserved 1048576K
}
Event: 28,708 GC heap before
{Heap before GC invocations=16 (full 2):
 PSYoungGen      total 178688K, used 11136K [0x00000000ebb00000, 0x00000000f7e80000, 0x0000000100000000)
  eden space 162304K, 0% used [0x00000000ebb00000,0x00000000ebb00000,0x00000000f5980000)
  from space 16384K, 67% used [0x00000000f6e80000,0x00000000f7960000,0x00000000f7e80000)
  to   space 18944K, 0% used [0x00000000f5980000,0x00000000f5980000,0x00000000f6c00000)
 ParOldGen       total 73728K, used 71883K [0x00000000c3000000, 0x00000000c7800000, 0x00000000ebb00000)
  object space 73728K, 97% used [0x00000000c3000000,0x00000000c7632ca8,0x00000000c7800000)
 Metaspace       used 18023K, capacity 18246K, committed 18560K, reserved 1064960K
  class space    used 2048K, capacity 2093K, committed 2176K, reserved 1048576K
Event: 29,217 GC heap after
Heap after GC invocations=16 (full 2):
 PSYoungGen      total 178688K, used 7986K [0x00000000ebb00000, 0x00000000f7e80000, 0x0000000100000000)
  eden space 162304K, 0% used [0x00000000ebb00000,0x00000000ebb00000,0x00000000f5980000)
  from space 16384K, 48% used [0x00000000f6e80000,0x00000000f764cb50,0x00000000f7e80000)
  to   space 18944K, 0% used [0x00000000f5980000,0x00000000f5980000,0x00000000f6c00000)
 ParOldGen       total 121344K, used 73272K [0x00000000c3000000, 0x00000000ca680000, 0x00000000ebb00000)
  object space 121344K, 60% used [0x00000000c3000000,0x00000000c778e3c8,0x00000000ca680000)
 Metaspace       used 18023K, capacity 18246K, committed 18560K, reserved 1064960K
  class space    used 2048K, capacity 2093K, committed 2176K, reserved 1048576K
}
Event: 39,281 GC heap before
{Heap before GC invocations=17 (full 2):
 PSYoungGen      total 178688K, used 170290K [0x00000000ebb00000, 0x00000000f7e80000, 0x0000000100000000)
  eden space 162304K, 100% used [0x00000000ebb00000,0x00000000f5980000,0x00000000f5980000)
  from space 16384K, 48% used [0x00000000f6e80000,0x00000000f764cb50,0x00000000f7e80000)
  to   space 18944K, 0% used [0x00000000f5980000,0x00000000f5980000,0x00000000f6c00000)
 ParOldGen       total 121344K, used 73272K [0x00000000c3000000, 0x00000000ca680000, 0x00000000ebb00000)
  object space 121344K, 60% used [0x00000000c3000000,0x00000000c778e3c8,0x00000000ca680000)
 Metaspace       used 18023K, capacity 18246K, committed 18560K, reserved 1064960K
  class space    used 2048K, capacity 2093K, committed 2176K, reserved 1048576K
Event: 39,412 GC heap after
Heap after GC invocations=17 (full 2):
 PSYoungGen      total 181248K, used 18936K [0x00000000ebb00000, 0x00000000fb380000, 0x0000000100000000)
  eden space 162304K, 0% used [0x00000000ebb00000,0x00000000ebb00000,0x00000000f5980000)
  from space 18944K, 99% used [0x00000000f5980000,0x00000000f6bfe1b8,0x00000000f6c00000)
  to   space 25088K, 0% used [0x00000000f9b00000,0x00000000f9b00000,0x00000000fb380000)
 ParOldGen       total 121344K, used 83640K [0x00000000c3000000, 0x00000000ca680000, 0x00000000ebb00000)
  object space 121344K, 68% used [0x00000000c3000000,0x00000000c81ae3d8,0x00000000ca680000)
 Metaspace       used 18023K, capacity 18246K, committed 18560K, reserved 1064960K
  class space    used 2048K, capacity 2093K, committed 2176K, reserved 1048576K
}
Event: 55,972 GC heap before
{Heap before GC invocations=18 (full 2):
 PSYoungGen      total 181248K, used 181240K [0x00000000ebb00000, 0x00000000fb380000, 0x0000000100000000)
  eden space 162304K, 100% used [0x00000000ebb00000,0x00000000f5980000,0x00000000f5980000)
  from space 18944K, 99% used [0x00000000f5980000,0x00000000f6bfe1b8,0x00000000f6c00000)
  to   space 25088K, 0% used [0x00000000f9b00000,0x00000000f9b00000,0x00000000fb380000)
 ParOldGen       total 121344K, used 83640K [0x00000000c3000000, 0x00000000ca680000, 0x00000000ebb00000)
  object space 121344K, 68% used [0x00000000c3000000,0x00000000c81ae3d8,0x00000000ca680000)
 Metaspace       used 18023K, capacity 18246K, committed 18560K, reserved 1064960K
  class space    used 2048K, capacity 2093K, committed 2176K, reserved 1048576K
Event: 56,073 GC heap after
Heap after GC invocations=18 (full 2):
 PSYoungGen      total 217088K, used 12224K [0x00000000ebb00000, 0x00000000fac00000, 0x0000000100000000)
  eden space 199680K, 0% used [0x00000000ebb00000,0x00000000ebb00000,0x00000000f7e00000)
  from space 17408K, 70% used [0x00000000f9b00000,0x00000000fa6f0000,0x00000000fac00000)
  to   space 23552K, 0% used [0x00000000f7e00000,0x00000000f7e00000,0x00000000f9500000)
 ParOldGen       total 121344K, used 102641K [0x00000000c3000000, 0x00000000ca680000, 0x00000000ebb00000)
  object space 121344K, 84% used [0x00000000c3000000,0x00000000c943c590,0x00000000ca680000)
 Metaspace       used 18023K, capacity 18246K, committed 18560K, reserved 1064960K
  class space    used 2048K, capacity 2093K, committed 2176K, reserved 1048576K
}
Event: 56,073 GC heap before
{Heap before GC invocations=19 (full 3):
 PSYoungGen      total 217088K, used 12224K [0x00000000ebb00000, 0x00000000fac00000, 0x0000000100000000)
  eden space 199680K, 0% used [0x00000000ebb00000,0x00000000ebb00000,0x00000000f7e00000)
  from space 17408K, 70% used [0x00000000f9b00000,0x00000000fa6f0000,0x00000000fac00000)
  to   space 23552K, 0% used [0x00000000f7e00000,0x00000000f7e00000,0x00000000f9500000)
 ParOldGen       total 121344K, used 102641K [0x00000000c3000000, 0x00000000ca680000, 0x00000000ebb00000)
  object space 121344K, 84% used [0x00000000c3000000,0x00000000c943c590,0x00000000ca680000)
 Metaspace       used 18023K, capacity 18246K, committed 18560K, reserved 1064960K
  class space    used 2048K, capacity 2093K, committed 2176K, reserved 1048576K

Deoptimization events (10 events):
Event: 34,094 Thread 0x00007fa1e800b000 Uncommon trap: reason=unstable_if action=reinterpret pc=0x00007fa1d8a45588 method=org.hibernate.engine.StatefulPersistenceContext.initializeNonLazyCollections()V @ 4
Event: 34,180 Thread 0x00007fa1e800b000 Uncommon trap: reason=unstable_if action=reinterpret pc=0x00007fa1d891d18c method=com.mysql.jdbc.MysqlIO.readSingleRowSet(JIIZ[Lcom/mysql/jdbc/Field;)Lcom/mysql/jdbc/RowData; @ 40
Event: 34,180 Thread 0x00007fa1e800b000 Uncommon trap: reason=unstable_if action=reinterpret pc=0x00007fa1d8a3f634 method=com.mysql.jdbc.ResultSetImpl.<init>(Ljava/lang/String;[Lcom/mysql/jdbc/Field;Lcom/mysql/jdbc/RowData;Lcom/mysql/jdbc/MySQLConnection;Lcom/mysql/jdbc/StatementImpl;)V @ 380
Event: 34,180 Thread 0x00007fa1e800b000 Uncommon trap: reason=unstable_if action=reinterpret pc=0x00007fa1d88e40ac method=com.mysql.jdbc.ResultSetImpl.setRowPositionValidity()V @ 21
Event: 34,180 Thread 0x00007fa1e800b000 Uncommon trap: reason=unstable_if action=reinterpret pc=0x00007fa1d8979c80 method=com.mysql.jdbc.ResultSetImpl.next()Z @ 74
Event: 34,181 Thread 0x00007fa1e800b000 Uncommon trap: reason=unstable_if action=reinterpret pc=0x00007fa1d8a2b514 method=java.util.HashMap.tableSizeFor(I)I @ 37
Event: 34,183 Thread 0x00007fa1e800b000 Uncommon trap: reason=unstable_if action=reinterpret pc=0x00007fa1d890222c method=com.mysql.jdbc.ResultSetImpl.next()Z @ 74
Event: 34,261 Thread 0x00007fa1e800b000 Uncommon trap: reason=unstable_if action=reinterpret pc=0x00007fa1d89f35fc method=java.util.GregorianCalendar.computeFields(II)I @ 447
Event: 34,263 Thread 0x00007fa1e800b000 Uncommon trap: reason=unstable_if action=reinterpret pc=0x00007fa1d84d03d0 method=sun.util.calendar.CalendarDate.setYear(I)Lsun/util/calendar/CalendarDate; @ 5
Event: 34,263 Thread 0x00007fa1e800b000 Uncommon trap: reason=unstable_if action=reinterpret pc=0x00007fa1d84ca200 method=sun.util.calendar.CalendarDate.setYear(I)Lsun/util/calendar/CalendarDate; @ 5

Internal exceptions (10 events):
Event: 4,930 Thread 0x00007fa1e800b000 Exception <a 'java/lang/ClassNotFoundException': org/hibernate/util/CloneableBeanInfo> (0x00000000ebea52e8) thrown at [/HUDSON/workspace/8-2-build-linux-amd64/jdk8u66/4988/hotspot/src/share/vm/classfile/systemDictionary.cpp, line 210]
Event: 4,930 Thread 0x00007fa1e800b000 Exception <a 'java/lang/ClassNotFoundException': org/hibernate/util/CloneableCustomizer> (0x00000000ebeb0620) thrown at [/HUDSON/workspace/8-2-build-linux-amd64/jdk8u66/4988/hotspot/src/share/vm/classfile/systemDictionary.cpp, line 210]
Event: 4,931 Thread 0x00007fa1e800b000 Exception <a 'java/lang/ClassNotFoundException': org/hibernate/event/EventListenersCustomizer> (0x00000000ebebdcb0) thrown at [/HUDSON/workspace/8-2-build-linux-amd64/jdk8u66/4988/hotspot/src/share/vm/classfile/systemDictionary.cpp, line 210]
Event: 7,680 Thread 0x00007fa1e800b000 Implicit null exception at 0x00007fa1d84f5018 to 0x00007fa1d84f5b1d
Event: 7,680 Thread 0x00007fa1e800b000 Implicit null exception at 0x00007fa1d84e84cc to 0x00007fa1d84e8699
Event: 7,680 Thread 0x00007fa1e800b000 Implicit null exception at 0x00007fa1d84e19c3 to 0x00007fa1d84e1b8d
Event: 8,085 Thread 0x00007fa1e800b000 Implicit null exception at 0x00007fa1d84d9ce2 to 0x00007fa1d84da7b9
Event: 8,086 Thread 0x00007fa1e800b000 Implicit null exception at 0x00007fa1d84d7db1 to 0x00007fa1d84d872d
Event: 8,087 Thread 0x00007fa1e800b000 Implicit null exception at 0x00007fa1d84286b3 to 0x00007fa1d8428ac1
Event: 8,124 Thread 0x00007fa1e800b000 Implicit null exception at 0x00007fa1d84b7a91 to 0x00007fa1d84b7f09

Events (10 events):
Event: 46,306 Thread 0x00007fa1e80b9800 flushing nmethod 0x00007fa1d87fc010
Event: 46,306 Thread 0x00007fa1e80b9800 flushing nmethod 0x00007fa1d87fe990
Event: 46,306 Thread 0x00007fa1e80b9800 flushing nmethod 0x00007fa1d87ffa90
Event: 46,315 Thread 0x00007fa1e80b7000 flushing nmethod 0x00007fa1d8804550
Event: 46,315 Thread 0x00007fa1e80b7000 flushing nmethod 0x00007fa1d8842990
Event: 46,315 Thread 0x00007fa1e80b7000 flushing nmethod 0x00007fa1d8872b10
Event: 46,315 Thread 0x00007fa1e80b7000 flushing nmethod 0x00007fa1d887d6d0
Event: 46,315 Thread 0x00007fa1e80b7000 flushing nmethod 0x00007fa1d8884150
Event: 47,221 Thread 0x00007fa1e80b9800 flushing nmethod 0x00007fa1d88d3c90
Event: 55,972 Executing VM operation: ParallelGCFailedAllocation


Dynamic libraries:
00400000-00401000 r-xp 00000000 08:05 806533                             /usr/lib/jvm/java-8-oracle/bin/java
00600000-00601000 rw-p 00000000 08:05 806533                             /usr/lib/jvm/java-8-oracle/bin/java
01135000-01156000 rw-p 00000000 00:00 0                                  [heap]
c3000000-ca680000 rw-p 00000000 00:00 0 
cdf80000-ebb00000 ---p 00000000 00:00 0 
ebb00000-fac00000 rw-p 00000000 00:00 0 
fac00000-100000000 ---p 00000000 00:00 0 
100000000-100220000 rw-p 00000000 00:00 0 
100220000-140000000 ---p 00000000 00:00 0 
7fa194000000-7fa194021000 rw-p 00000000 00:00 0 
7fa194021000-7fa198000000 ---p 00000000 00:00 0 
7fa19c000000-7fa19c021000 rw-p 00000000 00:00 0 
7fa19c021000-7fa1a0000000 ---p 00000000 00:00 0 
7fa1a0000000-7fa1a0021000 rw-p 00000000 00:00 0 
7fa1a0021000-7fa1a4000000 ---p 00000000 00:00 0 
7fa1a4000000-7fa1a5527000 rw-p 00000000 00:00 0 
7fa1a5527000-7fa1a8000000 ---p 00000000 00:00 0 
7fa1a8000000-7fa1a8c69000 rw-p 00000000 00:00 0 
7fa1a8c69000-7fa1ac000000 ---p 00000000 00:00 0 
7fa1ac000000-7fa1ac021000 rw-p 00000000 00:00 0 
7fa1ac021000-7fa1b0000000 ---p 00000000 00:00 0 
7fa1b0000000-7fa1b0f31000 rw-p 00000000 00:00 0 
7fa1b0f31000-7fa1b4000000 ---p 00000000 00:00 0 
7fa1b4000000-7fa1b4021000 rw-p 00000000 00:00 0 
7fa1b4021000-7fa1b8000000 ---p 00000000 00:00 0 
7fa1b8000000-7fa1b8021000 rw-p 00000000 00:00 0 
7fa1b8021000-7fa1bc000000 ---p 00000000 00:00 0 
7fa1bc000000-7fa1bc2bf000 rw-p 00000000 00:00 0 
7fa1bc2bf000-7fa1c0000000 ---p 00000000 00:00 0 
7fa1c0000000-7fa1c0021000 rw-p 00000000 00:00 0 
7fa1c0021000-7fa1c4000000 ---p 00000000 00:00 0 
7fa1c5f20000-7fa1c5f27000 r--s 00000000 08:05 1047829                    /usr/lib/x86_64-linux-gnu/gconv/gconv-modules.cache
7fa1c5f27000-7fa1c5f4d000 r--p 00000000 08:05 168395                     /usr/share/locale-langpack/es/LC_MESSAGES/libc.mo
7fa1c5f4d000-7fa1c614d000 rw-p 00000000 00:00 0 
7fa1c614d000-7fa1c634d000 rw-p 00000000 00:00 0 
7fa1c634d000-7fa1c6352000 r--s 00096000 08:05 807776                     /usr/lib/jvm/java-8-oracle/jre/lib/jsse.jar
7fa1c6352000-7fa1c6552000 rw-p 00000000 00:00 0 
7fa1c6552000-7fa1c6752000 rw-p 00000000 00:00 0 
7fa1c6752000-7fa1c6764000 r--s 00345000 08:05 807759                     /usr/lib/jvm/java-8-oracle/jre/lib/resources.jar
7fa1c6764000-7fa1c676e000 r--s 00116000 08:05 807821                     /usr/lib/jvm/java-8-oracle/jre/lib/ext/localedata.jar
7fa1c676e000-7fa1c678a000 r--s 00393000 08:05 807814                     /usr/lib/jvm/java-8-oracle/jre/lib/ext/cldrdata.jar
7fa1c678a000-7fa1c678d000 ---p 00000000 00:00 0 
7fa1c678d000-7fa1c68bc000 rw-p 00000000 00:00 0                          [stack:6334]
7fa1c68bc000-7fa1c68d2000 r-xp 00000000 08:05 807879                     /usr/lib/jvm/java-8-oracle/jre/lib/amd64/libnet.so
7fa1c68d2000-7fa1c6ad2000 ---p 00016000 08:05 807879                     /usr/lib/jvm/java-8-oracle/jre/lib/amd64/libnet.so
7fa1c6ad2000-7fa1c6ad3000 rw-p 00016000 08:05 807879                     /usr/lib/jvm/java-8-oracle/jre/lib/amd64/libnet.so
7fa1c6ad3000-7fa1c6ad5000 r--s 0000d000 08:05 927933                     /home/chibi/.m2/repository/commons-logging/commons-logging/1.1.1/commons-logging-1.1.1.jar
7fa1c6ad5000-7fa1c6ade000 r--s 00095000 08:05 942759                     /home/chibi/.m2/repository/javassist/javassist/3.12.1.GA/javassist-3.12.1.GA.jar
7fa1c6ade000-7fa1c6b10000 r--s 002c7000 08:05 942609                     /home/chibi/.m2/repository/org/hibernate/hibernate-core/3.6.7.Final/hibernate-core-3.6.7.Final.jar
7fa1c6b10000-7fa1c6b11000 ---p 00000000 00:00 0 
7fa1c6b11000-7fa1c6c11000 rw-p 00000000 00:00 0                          [stack:6333]
7fa1c6c11000-7fa1c6c14000 ---p 00000000 00:00 0 
7fa1c6c14000-7fa1c6d12000 rw-p 00000000 00:00 0                          [stack:6332]
7fa1c6d12000-7fa1c6d15000 ---p 00000000 00:00 0 
7fa1c6d15000-7fa1c6e13000 rw-p 00000000 00:00 0                          [stack:6331]
7fa1c6e13000-7fa1c6e16000 ---p 00000000 00:00 0 
7fa1c6e16000-7fa1c6f14000 rw-p 00000000 00:00 0                          [stack:6330]
7fa1c6f14000-7fa1c6f17000 ---p 00000000 00:00 0 
7fa1c6f17000-7fa1c7015000 rw-p 00000000 00:00 0                          [stack:6329]
7fa1c7015000-7fa1c7018000 ---p 00000000 00:00 0 
7fa1c7018000-7fa1c7116000 rw-p 00000000 00:00 0                          [stack:6328]
7fa1c7116000-7fa1c77f8000 r--p 00000000 08:05 789633                     /usr/lib/locale/locale-archive
7fa1c77f8000-7fa1c77fb000 ---p 00000000 00:00 0 
7fa1c77fb000-7fa1c78f9000 rw-p 00000000 00:00 0                          [stack:6327]
7fa1c78f9000-7fa1c78fc000 ---p 00000000 00:00 0 
7fa1c78fc000-7fa1c79fa000 rw-p 00000000 00:00 0                          [stack:6326]
7fa1c79fa000-7fa1c79fb000 ---p 00000000 00:00 0 
7fa1c79fb000-7fa1c8000000 rw-p 00000000 00:00 0                          [stack:6325]
7fa1c8000000-7fa1c8021000 rw-p 00000000 00:00 0 
7fa1c8021000-7fa1cc000000 ---p 00000000 00:00 0 
7fa1cc000000-7fa1cc021000 rw-p 00000000 00:00 0 
7fa1cc021000-7fa1d0000000 ---p 00000000 00:00 0 
7fa1d0000000-7fa1d0021000 rw-p 00000000 00:00 0 
7fa1d0021000-7fa1d4000000 ---p 00000000 00:00 0 
7fa1d4001000-7fa1d4008000 r--s 00040000 08:05 942752                     /home/chibi/.m2/repository/cglib/cglib/2.2.2/cglib-2.2.2.jar
7fa1d4008000-7fa1d400f000 r--s 000ba000 08:05 942746                     /home/chibi/.m2/repository/mysql/mysql-connector-java/5.1.18/mysql-connector-java-5.1.18.jar
7fa1d400f000-7fa1d4018000 r--s 0006d000 08:05 942749                     /home/chibi/.m2/repository/log4j/log4j/1.2.16/log4j-1.2.16.jar
7fa1d4018000-7fa1d401d000 r--s 00015000 08:05 942739                     /home/chibi/.m2/repository/org/hibernate/javax/persistence/hibernate-jpa-2.0-api/1.0.1.Final/hibernate-jpa-2.0-api-1.0.1.Final.jar
7fa1d401d000-7fa1d402a000 r--s 0007c000 08:05 942711                     /home/chibi/.m2/repository/commons-collections/commons-collections/3.1/commons-collections-3.1.jar
7fa1d402a000-7fa1d4053000 r--s 001ee000 08:05 942551                     /home/chibi/.m2/repository/com/google/guava/guava/14.0.1/guava-14.0.1.jar
7fa1d4053000-7fa1d4b02000 rw-p 00000000 00:00 0 
7fa1d4b02000-7fa1d4cdb000 r--s 03d20000 08:05 807771                     /usr/lib/jvm/java-8-oracle/jre/lib/rt.jar
7fa1d4cdb000-7fa1d75b9000 rw-p 00000000 00:00 0 
7fa1d75b9000-7fa1d75ba000 ---p 00000000 00:00 0 
7fa1d75ba000-7fa1d76ba000 rw-p 00000000 00:00 0                          [stack:6324]
7fa1d76ba000-7fa1d76bb000 ---p 00000000 00:00 0 
7fa1d76bb000-7fa1d77bb000 rw-p 00000000 00:00 0                          [stack:6323]
7fa1d77bb000-7fa1d77bc000 ---p 00000000 00:00 0 
7fa1d77bc000-7fa1d78bc000 rw-p 00000000 00:00 0                          [stack:6322]
7fa1d78bc000-7fa1d78bd000 ---p 00000000 00:00 0 
7fa1d78bd000-7fa1d79f9000 rw-p 00000000 00:00 0                          [stack:6321]
7fa1d79f9000-7fa1d7b02000 ---p 00000000 00:00 0 
7fa1d7b02000-7fa1d7b7b000 rw-p 00000000 00:00 0 
7fa1d7b7b000-7fa1d7ba5000 ---p 00000000 00:00 0 
7fa1d7ba5000-7fa1d7bd4000 rw-p 00000000 00:00 0 
7fa1d7bd4000-7fa1d7f66000 ---p 00000000 00:00 0 
7fa1d7f66000-7fa1d8ab6000 rwxp 00000000 00:00 0 
7fa1d8ab6000-7fa1e6f66000 ---p 00000000 00:00 0 
7fa1e6f66000-7fa1e6f80000 r-xp 00000000 08:05 807888                     /usr/lib/jvm/java-8-oracle/jre/lib/amd64/libzip.so
7fa1e6f80000-7fa1e7180000 ---p 0001a000 08:05 807888                     /usr/lib/jvm/java-8-oracle/jre/lib/amd64/libzip.so
7fa1e7180000-7fa1e7181000 rw-p 0001a000 08:05 807888                     /usr/lib/jvm/java-8-oracle/jre/lib/amd64/libzip.so
7fa1e7181000-7fa1e718c000 r-xp 00000000 08:05 657773                     /lib/x86_64-linux-gnu/libnss_files-2.19.so
7fa1e718c000-7fa1e738b000 ---p 0000b000 08:05 657773                     /lib/x86_64-linux-gnu/libnss_files-2.19.so
7fa1e738b000-7fa1e738c000 r--p 0000a000 08:05 657773                     /lib/x86_64-linux-gnu/libnss_files-2.19.so
7fa1e738c000-7fa1e738d000 rw-p 0000b000 08:05 657773                     /lib/x86_64-linux-gnu/libnss_files-2.19.so
7fa1e738d000-7fa1e7398000 r-xp 00000000 08:05 657783                     /lib/x86_64-linux-gnu/libnss_nis-2.19.so
7fa1e7398000-7fa1e7597000 ---p 0000b000 08:05 657783                     /lib/x86_64-linux-gnu/libnss_nis-2.19.so
7fa1e7597000-7fa1e7598000 r--p 0000a000 08:05 657783                     /lib/x86_64-linux-gnu/libnss_nis-2.19.so
7fa1e7598000-7fa1e7599000 rw-p 0000b000 08:05 657783                     /lib/x86_64-linux-gnu/libnss_nis-2.19.so
7fa1e7599000-7fa1e75b0000 r-xp 00000000 08:05 657767                     /lib/x86_64-linux-gnu/libnsl-2.19.so
7fa1e75b0000-7fa1e77af000 ---p 00017000 08:05 657767                     /lib/x86_64-linux-gnu/libnsl-2.19.so
7fa1e77af000-7fa1e77b0000 r--p 00016000 08:05 657767                     /lib/x86_64-linux-gnu/libnsl-2.19.so
7fa1e77b0000-7fa1e77b1000 rw-p 00017000 08:05 657767                     /lib/x86_64-linux-gnu/libnsl-2.19.so
7fa1e77b1000-7fa1e77b3000 rw-p 00000000 00:00 0 
7fa1e77b3000-7fa1e77bc000 r-xp 00000000 08:05 657769                     /lib/x86_64-linux-gnu/libnss_compat-2.19.so
7fa1e77bc000-7fa1e79bb000 ---p 00009000 08:05 657769                     /lib/x86_64-linux-gnu/libnss_compat-2.19.so
7fa1e79bb000-7fa1e79bc000 r--p 00008000 08:05 657769                     /lib/x86_64-linux-gnu/libnss_compat-2.19.so
7fa1e79bc000-7fa1e79bd000 rw-p 00009000 08:05 657769                     /lib/x86_64-linux-gnu/libnss_compat-2.19.so
7fa1e79bd000-7fa1e79e7000 r-xp 00000000 08:05 807882                     /usr/lib/jvm/java-8-oracle/jre/lib/amd64/libjava.so
7fa1e79e7000-7fa1e7be7000 ---p 0002a000 08:05 807882                     /usr/lib/jvm/java-8-oracle/jre/lib/amd64/libjava.so
7fa1e7be7000-7fa1e7be9000 rw-p 0002a000 08:05 807882                     /usr/lib/jvm/java-8-oracle/jre/lib/amd64/libjava.so
7fa1e7be9000-7fa1e7bf6000 r-xp 00000000 08:05 807881                     /usr/lib/jvm/java-8-oracle/jre/lib/amd64/libverify.so
7fa1e7bf6000-7fa1e7df6000 ---p 0000d000 08:05 807881                     /usr/lib/jvm/java-8-oracle/jre/lib/amd64/libverify.so
7fa1e7df6000-7fa1e7df8000 rw-p 0000d000 08:05 807881                     /usr/lib/jvm/java-8-oracle/jre/lib/amd64/libverify.so
7fa1e7df8000-7fa1e7dff000 r-xp 00000000 08:05 657826                     /lib/x86_64-linux-gnu/librt-2.19.so
7fa1e7dff000-7fa1e7ffe000 ---p 00007000 08:05 657826                     /lib/x86_64-linux-gnu/librt-2.19.so
7fa1e7ffe000-7fa1e7fff000 r--p 00006000 08:05 657826                     /lib/x86_64-linux-gnu/librt-2.19.so
7fa1e7fff000-7fa1e8000000 rw-p 00007000 08:05 657826                     /lib/x86_64-linux-gnu/librt-2.19.so
7fa1e8000000-7fa1e88a5000 rw-p 00000000 00:00 0 
7fa1e88a5000-7fa1ec000000 ---p 00000000 00:00 0 
7fa1ec000000-7fa1ec001000 rw-p 00000000 00:00 0 
7fa1ec001000-7fa1ec002000 r--s 0000a000 08:05 942754                     /home/chibi/.m2/repository/asm/asm/3.3.1/asm-3.3.1.jar
7fa1ec002000-7fa1ec004000 r--s 00005000 08:05 942744                     /home/chibi/.m2/repository/org/slf4j/slf4j-api/1.6.1/slf4j-api-1.6.1.jar
7fa1ec004000-7fa1ec007000 r--s 0000f000 08:05 942732                     /home/chibi/.m2/repository/org/hibernate/hibernate-commons-annotations/3.2.0.Final/hibernate-commons-annotations-3.2.0.Final.jar
7fa1ec007000-7fa1ec00c000 r--s 00048000 08:05 942722                     /home/chibi/.m2/repository/dom4j/dom4j/1.6.1/dom4j-1.6.1.jar
7fa1ec00c000-7fa1ec012000 r--s 00067000 08:05 942700                     /home/chibi/.m2/repository/antlr/antlr/2.7.6/antlr-2.7.6.jar
7fa1ec012000-7fa1ec018000 r--s 00036000 08:05 942604                     /home/chibi/.m2/repository/junit/junit/4.11/junit-4.11.jar
7fa1ec018000-7fa1ec01b000 r--s 0000b000 08:05 942599                     /home/chibi/.m2/repository/org/eclipse/xtend/org.eclipse.xtend.lib.macro/2.7.3/org.eclipse.xtend.lib.macro-2.7.3.jar
7fa1ec01b000-7fa1ec01f000 r--s 00019000 08:05 942525                     /home/chibi/.m2/repository/org/eclipse/xtext/org.eclipse.xtext.xbase.lib/2.7.3/org.eclipse.xtext.xbase.lib-2.7.3.jar
7fa1ec01f000-7fa1ec05b000 rw-p 00000000 00:00 0 
7fa1ec05b000-7fa1ec165000 ---p 00000000 00:00 0 
7fa1ec165000-7fa1ec26a000 r-xp 00000000 08:05 657748                     /lib/x86_64-linux-gnu/libm-2.19.so
7fa1ec26a000-7fa1ec469000 ---p 00105000 08:05 657748                     /lib/x86_64-linux-gnu/libm-2.19.so
7fa1ec469000-7fa1ec46a000 r--p 00104000 08:05 657748                     /lib/x86_64-linux-gnu/libm-2.19.so
7fa1ec46a000-7fa1ec46b000 rw-p 00105000 08:05 657748                     /lib/x86_64-linux-gnu/libm-2.19.so
7fa1ec46b000-7fa1ed129000 r-xp 00000000 08:05 807898                     /usr/lib/jvm/java-8-oracle/jre/lib/amd64/server/libjvm.so
7fa1ed129000-7fa1ed328000 ---p 00cbe000 08:05 807898                     /usr/lib/jvm/java-8-oracle/jre/lib/amd64/server/libjvm.so
7fa1ed328000-7fa1ed401000 rw-p 00cbd000 08:05 807898                     /usr/lib/jvm/java-8-oracle/jre/lib/amd64/server/libjvm.so
7fa1ed401000-7fa1ed445000 rw-p 00000000 00:00 0 
7fa1ed445000-7fa1ed600000 r-xp 00000000 08:05 657698                     /lib/x86_64-linux-gnu/libc-2.19.so
7fa1ed600000-7fa1ed7ff000 ---p 001bb000 08:05 657698                     /lib/x86_64-linux-gnu/libc-2.19.so
7fa1ed7ff000-7fa1ed803000 r--p 001ba000 08:05 657698                     /lib/x86_64-linux-gnu/libc-2.19.so
7fa1ed803000-7fa1ed805000 rw-p 001be000 08:05 657698                     /lib/x86_64-linux-gnu/libc-2.19.so
7fa1ed805000-7fa1ed80a000 rw-p 00000000 00:00 0 
7fa1ed80a000-7fa1ed80d000 r-xp 00000000 08:05 657715                     /lib/x86_64-linux-gnu/libdl-2.19.so
7fa1ed80d000-7fa1eda0c000 ---p 00003000 08:05 657715                     /lib/x86_64-linux-gnu/libdl-2.19.so
7fa1eda0c000-7fa1eda0d000 r--p 00002000 08:05 657715                     /lib/x86_64-linux-gnu/libdl-2.19.so
7fa1eda0d000-7fa1eda0e000 rw-p 00003000 08:05 657715                     /lib/x86_64-linux-gnu/libdl-2.19.so
7fa1eda0e000-7fa1eda23000 r-xp 00000000 08:05 809124                     /usr/lib/jvm/java-8-oracle/lib/amd64/jli/libjli.so
7fa1eda23000-7fa1edc23000 ---p 00015000 08:05 809124                     /usr/lib/jvm/java-8-oracle/lib/amd64/jli/libjli.so
7fa1edc23000-7fa1edc24000 rw-p 00015000 08:05 809124                     /usr/lib/jvm/java-8-oracle/lib/amd64/jli/libjli.so
7fa1edc24000-7fa1edc3d000 r-xp 00000000 08:05 657818                     /lib/x86_64-linux-gnu/libpthread-2.19.so
7fa1edc3d000-7fa1ede3c000 ---p 00019000 08:05 657818                     /lib/x86_64-linux-gnu/libpthread-2.19.so
7fa1ede3c000-7fa1ede3d000 r--p 00018000 08:05 657818                     /lib/x86_64-linux-gnu/libpthread-2.19.so
7fa1ede3d000-7fa1ede3e000 rw-p 00019000 08:05 657818                     /lib/x86_64-linux-gnu/libpthread-2.19.so
7fa1ede3e000-7fa1ede42000 rw-p 00000000 00:00 0 
7fa1ede42000-7fa1ede65000 r-xp 00000000 08:05 657674                     /lib/x86_64-linux-gnu/ld-2.19.so
7fa1ede65000-7fa1ede66000 r--s 00002000 08:05 942750                     /home/chibi/.m2/repository/org/slf4j/slf4j-log4j12/1.6.2/slf4j-log4j12-1.6.2.jar
7fa1ede66000-7fa1ede67000 r--s 00003000 08:05 942726                     /home/chibi/.m2/repository/javax/transaction/jta/1.1/jta-1.1.jar
7fa1ede67000-7fa1ede6b000 r--s 0001d000 08:05 941471                     /home/chibi/.m2/repository/org/eclipse/xtend/org.eclipse.xtend.lib/2.7.3/org.eclipse.xtend.lib-2.7.3.jar
7fa1ede6b000-7fa1edf3d000 rw-p 00000000 00:00 0 
7fa1edf3d000-7fa1edf40000 ---p 00000000 00:00 0 
7fa1edf40000-7fa1ee042000 rw-p 00000000 00:00 0                          [stack:6320]
7fa1ee042000-7fa1ee044000 r--s 00009000 08:05 942606                     /home/chibi/.m2/repository/org/hamcrest/hamcrest-core/1.3/hamcrest-core-1.3.jar
7fa1ee044000-7fa1ee058000 rw-p 00000000 00:00 0 
7fa1ee058000-7fa1ee060000 rw-s 00000000 08:05 169439                     /tmp/hsperfdata_chibi/6313
7fa1ee060000-7fa1ee061000 rw-p 00000000 00:00 0 
7fa1ee061000-7fa1ee062000 ---p 00000000 00:00 0 
7fa1ee062000-7fa1ee064000 rw-p 00000000 00:00 0 
7fa1ee064000-7fa1ee065000 r--p 00022000 08:05 657674                     /lib/x86_64-linux-gnu/ld-2.19.so
7fa1ee065000-7fa1ee066000 rw-p 00023000 08:05 657674                     /lib/x86_64-linux-gnu/ld-2.19.so
7fa1ee066000-7fa1ee067000 rw-p 00000000 00:00 0 
7ffcec681000-7ffcec6a3000 rw-p 00000000 00:00 0                          [stack]
7ffcec7c5000-7ffcec7c7000 r--p 00000000 00:00 0                          [vvar]
7ffcec7c7000-7ffcec7c9000 r-xp 00000000 00:00 0                          [vdso]
ffffffffff600000-ffffffffff601000 r-xp 00000000 00:00 0                  [vsyscall]

VM Arguments:
jvm_args: -Dfile.encoding=UTF-8 
java_command: org.eclipse.jdt.internal.junit.runner.RemoteTestRunner -version 3 -port 54477 -testLoaderClass org.eclipse.jdt.internal.junit4.runner.JUnit4TestLoader -loaderpluginname org.eclipse.jdt.junit4.runtime -classNames unq.tpi.persistencia.performanceEj.daos.DepartmentDAOTest
java_class_path (initial): /home/chibi/Escritorio/TP-Performance/target/test-classes:/home/chibi/Escritorio/TP-Performance/target/classes:/home/chibi/.m2/repository/org/eclipse/xtend/org.eclipse.xtend.lib/2.7.3/org.eclipse.xtend.lib-2.7.3.jar:/home/chibi/.m2/repository/org/eclipse/xtext/org.eclipse.xtext.xbase.lib/2.7.3/org.eclipse.xtext.xbase.lib-2.7.3.jar:/home/chibi/.m2/repository/com/google/guava/guava/14.0.1/guava-14.0.1.jar:/home/chibi/.m2/repository/org/eclipse/xtend/org.eclipse.xtend.lib.macro/2.7.3/org.eclipse.xtend.lib.macro-2.7.3.jar:/home/chibi/.m2/repository/junit/junit/4.11/junit-4.11.jar:/home/chibi/.m2/repository/org/hamcrest/hamcrest-core/1.3/hamcrest-core-1.3.jar:/home/chibi/.m2/repository/org/hibernate/hibernate-core/3.6.7.Final/hibernate-core-3.6.7.Final.jar:/home/chibi/.m2/repository/antlr/antlr/2.7.6/antlr-2.7.6.jar:/home/chibi/.m2/repository/commons-collections/commons-collections/3.1/commons-collections-3.1.jar:/home/chibi/.m2/repository/dom4j/dom4j/1.6.1/dom4j-1.6.1.jar:/home/chibi/.m2/repository/org/hibernate/hibernate-commons-annotations/3.2.0.Final/hibernate-commons-annotations-3.2.0.Final.jar:/home/chibi/.m2/repository/org/hibernate/javax/persistence/hibernate-jpa-2.0-api/1.0.1.Final/hibernate-jpa-2.0-api-1.0.1.Final.jar:/home/chibi/.m2/repository/javax/transaction/jta/1.1/jta-1.1.jar:/home/chibi/.m2/repository/org/slf4j/slf4j-api/1.6.1/slf4j-api-1.6.1.jar:/home/chibi/.m2/repository/log4j/log4j/1.2.16/log4j-1.2.16.jar:/home/chibi/.m2/repository/org/slf4j/slf4j-log4j12/1.6.2/slf4j-log4j12-1.6.2.jar:/home/chibi/.m2/repository/mysql/mysql-connector-java/5.1.18/mysql-connector-java-5.1.18.jar:/home/chibi/.m2/repository/cglib/cglib/2.2.2/cglib-2.2.2.jar:/home/chibi/.m2/repository/asm/asm/3.3.1/asm-3.3.1.jar:/home/chibi/.m2/repository/javassist/javassist/3.12.1.GA/javassist-3.12.1.GA.jar:/home/chibi/.m2/repository/commons-logging/commons-logging/1.1.1/commons-logging-1.1.1.jar:/home/chibi/Descargas/eclipse/configuration/org.eclipse.osgi/380/
Launcher Type: SUN_STANDARD

Environment Variables:
PATH=/usr/local/sbin:/usr/local/bin:/usr/sbin:/usr/bin:/sbin:/bin:/usr/games:/usr/local/games
SHELL=/bin/bash
DISPLAY=:0.0

Signal Handlers:
SIGSEGV: [libjvm.so+0xaba2a0], sa_mask[0]=11111111011111111101111111111110, sa_flags=SA_RESTART|SA_SIGINFO
SIGBUS: [libjvm.so+0xaba2a0], sa_mask[0]=11111111011111111101111111111110, sa_flags=SA_RESTART|SA_SIGINFO
SIGFPE: [libjvm.so+0x917710], sa_mask[0]=11111111011111111101111111111110, sa_flags=SA_RESTART|SA_SIGINFO
SIGPIPE: [libjvm.so+0x917710], sa_mask[0]=11111111011111111101111111111110, sa_flags=SA_RESTART|SA_SIGINFO
SIGXFSZ: [libjvm.so+0x917710], sa_mask[0]=11111111011111111101111111111110, sa_flags=SA_RESTART|SA_SIGINFO
SIGILL: [libjvm.so+0x917710], sa_mask[0]=11111111011111111101111111111110, sa_flags=SA_RESTART|SA_SIGINFO
SIGUSR1: SIG_DFL, sa_mask[0]=00000000000000000000000000000000, sa_flags=none
SIGUSR2: [libjvm.so+0x918d40], sa_mask[0]=00100000000000000000000000000000, sa_flags=SA_RESTART|SA_SIGINFO
SIGHUP: [libjvm.so+0x91a140], sa_mask[0]=11111111011111111101111111111110, sa_flags=SA_RESTART|SA_SIGINFO
SIGINT: [libjvm.so+0x91a140], sa_mask[0]=11111111011111111101111111111110, sa_flags=SA_RESTART|SA_SIGINFO
SIGTERM: [libjvm.so+0x91a140], sa_mask[0]=11111111011111111101111111111110, sa_flags=SA_RESTART|SA_SIGINFO
SIGQUIT: [libjvm.so+0x91a140], sa_mask[0]=11111111011111111101111111111110, sa_flags=SA_RESTART|SA_SIGINFO


---------------  S Y S T E M  ---------------

OS:DISTRIB_ID=Ubuntu
DISTRIB_RELEASE=14.04
DISTRIB_CODENAME=trusty
DISTRIB_DESCRIPTION="Ubuntu 14.04.3 LTS"

uname:Linux 3.19.0-30-generic #34~14.04.1-Ubuntu SMP Fri Oct 2 22:09:39 UTC 2015 x86_64
libc:glibc 2.19 NPTL 2.19 
rlimit: STACK 8192k, CORE 0k, NPROC 15514, NOFILE 4096, AS infinity
load average:3,67 2,37 1,23

/proc/meminfo:
MemTotal:        3993212 kB
MemFree:          113156 kB
MemAvailable:      46784 kB
Buffers:             640 kB
Cached:           237828 kB
SwapCached:            0 kB
Active:          2303120 kB
Inactive:         198324 kB
Active(anon):    2301104 kB
Inactive(anon):   195004 kB
Active(file):       2016 kB
Inactive(file):     3320 kB
Unevictable:     1222444 kB
Mlocked:         1222444 kB
SwapTotal:             0 kB
SwapFree:              0 kB
Dirty:                56 kB
Writeback:             0 kB
AnonPages:       3485740 kB
Mapped:            87752 kB
Shmem:            212160 kB
Slab:              61448 kB
SReclaimable:      30860 kB
SUnreclaim:        30588 kB
KernelStack:       10096 kB
PageTables:        38332 kB
NFS_Unstable:          0 kB
Bounce:                0 kB
WritebackTmp:          0 kB
CommitLimit:     1996604 kB
Committed_AS:    7020140 kB
VmallocTotal:   34359738367 kB
VmallocUsed:      216804 kB
VmallocChunk:   34359513052 kB
HardwareCorrupted:     0 kB
AnonHugePages:   1859584 kB
CmaTotal:              0 kB
CmaFree:               0 kB
HugePages_Total:       0
HugePages_Free:        0
HugePages_Rsvd:        0
HugePages_Surp:        0
Hugepagesize:       2048 kB
DirectMap4k:       80128 kB
DirectMap2M:     4061184 kB


CPU:total 4 (2 cores per cpu, 2 threads per core) family 6 model 42 stepping 7, cmov, cx8, fxsr, mmx, sse, sse2, sse3, ssse3, sse4.1, sse4.2, popcnt, avx, clmul, ht, tsc, tscinvbit

/proc/cpuinfo:
processor	: 0
vendor_id	: GenuineIntel
cpu family	: 6
model		: 42
model name	: Intel(R) Core(TM) i3-2330M CPU @ 2.20GHz
stepping	: 7
microcode	: 0x23
cpu MHz		: 805.320
cache size	: 3072 KB
physical id	: 0
siblings	: 4
core id		: 0
cpu cores	: 2
apicid		: 0
initial apicid	: 0
fpu		: yes
fpu_exception	: yes
cpuid level	: 13
wp		: yes
flags		: fpu vme de pse tsc msr pae mce cx8 apic sep mtrr pge mca cmov pat pse36 clflush dts acpi mmx fxsr sse sse2 ss ht tm pbe syscall nx rdtscp lm constant_tsc arch_perfmon pebs bts rep_good nopl xtopology nonstop_tsc aperfmperf eagerfpu pni pclmulqdq dtes64 monitor ds_cpl vmx est tm2 ssse3 cx16 xtpr pdcm pcid sse4_1 sse4_2 x2apic popcnt tsc_deadline_timer xsave avx lahf_lm arat epb pln pts dtherm tpr_shadow vnmi flexpriority ept vpid xsaveopt
bugs		:
bogomips	: 4390.14
clflush size	: 64
cache_alignment	: 64
address sizes	: 36 bits physical, 48 bits virtual
power management:

processor	: 1
vendor_id	: GenuineIntel
cpu family	: 6
model		: 42
model name	: Intel(R) Core(TM) i3-2330M CPU @ 2.20GHz
stepping	: 7
microcode	: 0x23
cpu MHz		: 812.625
cache size	: 3072 KB
physical id	: 0
siblings	: 4
core id		: 0
cpu cores	: 2
apicid		: 1
initial apicid	: 1
fpu		: yes
fpu_exception	: yes
cpuid level	: 13
wp		: yes
flags		: fpu vme de pse tsc msr pae mce cx8 apic sep mtrr pge mca cmov pat pse36 clflush dts acpi mmx fxsr sse sse2 ss ht tm pbe syscall nx rdtscp lm constant_tsc arch_perfmon pebs bts rep_good nopl xtopology nonstop_tsc aperfmperf eagerfpu pni pclmulqdq dtes64 monitor ds_cpl vmx est tm2 ssse3 cx16 xtpr pdcm pcid sse4_1 sse4_2 x2apic popcnt tsc_deadline_timer xsave avx lahf_lm arat epb pln pts dtherm tpr_shadow vnmi flexpriority ept vpid xsaveopt
bugs		:
bogomips	: 4390.14
clflush size	: 64
cache_alignment	: 64
address sizes	: 36 bits physical, 48 bits virtual
power management:

processor	: 2
vendor_id	: GenuineIntel
cpu family	: 6
model		: 42
model name	: Intel(R) Core(TM) i3-2330M CPU @ 2.20GHz
stepping	: 7
microcode	: 0x23
cpu MHz		: 807.898
cache size	: 3072 KB
physical id	: 0
siblings	: 4
core id		: 1
cpu cores	: 2
apicid		: 2
initial apicid	: 2
fpu		: yes
fpu_exception	: yes
cpuid level	: 13
wp		: yes
flags		: fpu vme de pse tsc msr pae mce cx8 apic sep mtrr pge mca cmov pat pse36 clflush dts acpi mmx fxsr sse sse2 ss ht tm pbe syscall nx rdtscp lm constant_tsc arch_perfmon pebs bts rep_good nopl xtopology nonstop_tsc aperfmperf eagerfpu pni pclmulqdq dtes64 monitor ds_cpl vmx est tm2 ssse3 cx16 xtpr pdcm pcid sse4_1 sse4_2 x2apic popcnt tsc_deadline_timer xsave avx lahf_lm arat epb pln pts dtherm tpr_shadow vnmi flexpriority ept vpid xsaveopt
bugs		:
bogomips	: 4390.14
clflush size	: 64
cache_alignment	: 64
address sizes	: 36 bits physical, 48 bits virtual
power management:

processor	: 3
vendor_id	: GenuineIntel
cpu family	: 6
model		: 42
model name	: Intel(R) Core(TM) i3-2330M CPU @ 2.20GHz
stepping	: 7
microcode	: 0x23
cpu MHz		: 799.992
cache size	: 3072 KB
physical id	: 0
siblings	: 4
core id		: 1
cpu cores	: 2
apicid		: 3
initial apicid	: 3
fpu		: yes
fpu_exception	: yes
cpuid level	: 13
wp		: yes
flags		: fpu vme de pse tsc msr pae mce cx8 apic sep mtrr pge mca cmov pat pse36 clflush dts acpi mmx fxsr sse sse2 ss ht tm pbe syscall nx rdtscp lm constant_tsc arch_perfmon pebs bts rep_good nopl xtopology nonstop_tsc aperfmperf eagerfpu pni pclmulqdq dtes64 monitor ds_cpl vmx est tm2 ssse3 cx16 xtpr pdcm pcid sse4_1 sse4_2 x2apic popcnt tsc_deadline_timer xsave avx lahf_lm arat epb pln pts dtherm tpr_shadow vnmi flexpriority ept vpid xsaveopt
bugs		:
bogomips	: 4390.14
clflush size	: 64
cache_alignment	: 64
address sizes	: 36 bits physical, 48 bits virtual
power management:



Memory: 4k page, physical 3993212k(112908k free), swap 0k(0k free)

vm_info: Java HotSpot(TM) 64-Bit Server VM (25.66-b17) for linux-amd64 JRE (1.8.0_66-b17), built on Oct  6 2015 17:28:34 by "java_re" with gcc 4.3.0 20080428 (Red Hat 4.3.0-8)

time: Mon Apr 25 12:08:41 2016
elapsed time: 61 seconds (0d 0h 1m 1s)

